GAS LISTING /tmp/cc7jUroK.s 			page 1


   1              		.file	"chtrace.c"
   2              		.text
   3              	.Ltext0:
   4              	.Letext0:
   5              		.file 1 "/usr/lib/gcc/x86_64-linux-gnu/8/include/stddef.h"
   6              		.file 2 "/usr/include/i386-linux-gnu/bits/types.h"
   7              		.file 3 "/usr/include/i386-linux-gnu/bits/stdint-intn.h"
   8              		.file 4 "/usr/include/i386-linux-gnu/bits/stdint-uintn.h"
   9              		.file 5 "../../../os/common/ports/SIMIA32/compilers/GCC/chtypes.h"
  10              		.file 6 "../../../os/rt/include/chsystypes.h"
  11              		.file 7 "../../../os/rt/include/chschd.h"
  12              		.file 8 "../../../os/rt/include/chtime.h"
  13              		.file 9 "../../../os/common/ports/SIMIA32/chcore.h"
  14              		.file 10 "../../../os/rt/include/chtm.h"
  15              		.file 11 "../../../os/rt/include/chsem.h"
  16              		.file 12 "../../../os/rt/include/chmtx.h"
  17              		.file 13 "../../../os/rt/include/chsys.h"
  18              		.file 14 "../../../os/rt/include/chregistry.h"
  19              		.file 15 "../../../os/common/oslib/include/chmemcore.h"
  20              		.file 16 "../../../os/common/oslib/include/chmempools.h"
  21              		.file 17 "../../../os/common/oslib/include/chfactory.h"
  22              		.section	.debug_info,"",@progbits
  23              	.Ldebug_info0:
  24 0000 D9090000 		.long	0x9d9
  25 0004 0400     		.value	0x4
  26 0006 00000000 		.long	.Ldebug_abbrev0
  27 000a 04       		.byte	0x4
  28 000b 01       		.uleb128 0x1
  29 000c CB050000 		.long	.LASF141
  30 0010 0C       		.byte	0xc
  31 0011 F1020000 		.long	.LASF142
  32 0015 33010000 		.long	.LASF143
  33 0019 00000000 		.long	.Ldebug_line0
  34 001d 02       		.uleb128 0x2
  35 001e 04       		.byte	0x4
  36 001f 05       		.byte	0x5
  37 0020 696E7400 		.string	"int"
  38 0024 03       		.uleb128 0x3
  39 0025 23000000 		.long	.LASF9
  40 0029 01       		.byte	0x1
  41 002a D8       		.byte	0xd8
  42 002b 17       		.byte	0x17
  43 002c 30000000 		.long	0x30
  44 0030 04       		.uleb128 0x4
  45 0031 04       		.byte	0x4
  46 0032 07       		.byte	0x7
  47 0033 DE010000 		.long	.LASF0
  48 0037 04       		.uleb128 0x4
  49 0038 04       		.byte	0x4
  50 0039 05       		.byte	0x5
  51 003a 11010000 		.long	.LASF1
  52 003e 04       		.uleb128 0x4
  53 003f 08       		.byte	0x8
  54 0040 05       		.byte	0x5
  55 0041 E0000000 		.long	.LASF2
  56 0045 04       		.uleb128 0x4
  57 0046 0C       		.byte	0xc
GAS LISTING /tmp/cc7jUroK.s 			page 2


  58 0047 04       		.byte	0x4
  59 0048 51030000 		.long	.LASF3
  60 004c 04       		.uleb128 0x4
  61 004d 10       		.byte	0x10
  62 004e 04       		.byte	0x4
  63 004f FA000000 		.long	.LASF4
  64 0053 04       		.uleb128 0x4
  65 0054 01       		.byte	0x1
  66 0055 08       		.byte	0x8
  67 0056 02040000 		.long	.LASF5
  68 005a 04       		.uleb128 0x4
  69 005b 02       		.byte	0x2
  70 005c 07       		.byte	0x7
  71 005d 35020000 		.long	.LASF6
  72 0061 04       		.uleb128 0x4
  73 0062 04       		.byte	0x4
  74 0063 07       		.byte	0x7
  75 0064 FB010000 		.long	.LASF7
  76 0068 04       		.uleb128 0x4
  77 0069 01       		.byte	0x1
  78 006a 06       		.byte	0x6
  79 006b EE000000 		.long	.LASF8
  80 006f 03       		.uleb128 0x3
  81 0070 3A000000 		.long	.LASF10
  82 0074 02       		.byte	0x2
  83 0075 26       		.byte	0x26
  84 0076 17       		.byte	0x17
  85 0077 53000000 		.long	0x53
  86 007b 04       		.uleb128 0x4
  87 007c 02       		.byte	0x2
  88 007d 05       		.byte	0x5
  89 007e 24040000 		.long	.LASF11
  90 0082 03       		.uleb128 0x3
  91 0083 E9040000 		.long	.LASF12
  92 0087 02       		.byte	0x2
  93 0088 28       		.byte	0x28
  94 0089 1C       		.byte	0x1c
  95 008a 5A000000 		.long	0x5a
  96 008e 03       		.uleb128 0x3
  97 008f 24050000 		.long	.LASF13
  98 0093 02       		.byte	0x2
  99 0094 29       		.byte	0x29
 100 0095 14       		.byte	0x14
 101 0096 1D000000 		.long	0x1d
 102 009a 03       		.uleb128 0x3
 103 009b 9B010000 		.long	.LASF14
 104 009f 02       		.byte	0x2
 105 00a0 2A       		.byte	0x2a
 106 00a1 16       		.byte	0x16
 107 00a2 30000000 		.long	0x30
 108 00a6 04       		.uleb128 0x4
 109 00a7 08       		.byte	0x8
 110 00a8 07       		.byte	0x7
 111 00a9 83000000 		.long	.LASF15
 112 00ad 05       		.uleb128 0x5
 113 00ae 04       		.byte	0x4
 114 00af 04       		.uleb128 0x4
GAS LISTING /tmp/cc7jUroK.s 			page 3


 115 00b0 01       		.byte	0x1
 116 00b1 06       		.byte	0x6
 117 00b2 D5040000 		.long	.LASF16
 118 00b6 06       		.uleb128 0x6
 119 00b7 AF000000 		.long	0xaf
 120 00bb 03       		.uleb128 0x3
 121 00bc FA030000 		.long	.LASF17
 122 00c0 03       		.byte	0x3
 123 00c1 1A       		.byte	0x1a
 124 00c2 13       		.byte	0x13
 125 00c3 8E000000 		.long	0x8e
 126 00c7 03       		.uleb128 0x3
 127 00c8 9B050000 		.long	.LASF18
 128 00cc 04       		.byte	0x4
 129 00cd 18       		.byte	0x18
 130 00ce 13       		.byte	0x13
 131 00cf 6F000000 		.long	0x6f
 132 00d3 03       		.uleb128 0x3
 133 00d4 EB010000 		.long	.LASF19
 134 00d8 04       		.byte	0x4
 135 00d9 19       		.byte	0x19
 136 00da 14       		.byte	0x14
 137 00db 82000000 		.long	0x82
 138 00df 03       		.uleb128 0x3
 139 00e0 9B040000 		.long	.LASF20
 140 00e4 04       		.byte	0x4
 141 00e5 1A       		.byte	0x1a
 142 00e6 14       		.byte	0x14
 143 00e7 9A000000 		.long	0x9a
 144 00eb 03       		.uleb128 0x3
 145 00ec 1F030000 		.long	.LASF21
 146 00f0 05       		.byte	0x5
 147 00f1 45       		.byte	0x45
 148 00f2 1D       		.byte	0x1d
 149 00f3 DF000000 		.long	0xdf
 150 00f7 03       		.uleb128 0x3
 151 00f8 92010000 		.long	.LASF22
 152 00fc 05       		.byte	0x5
 153 00fd 47       		.byte	0x47
 154 00fe 1D       		.byte	0x1d
 155 00ff DF000000 		.long	0xdf
 156 0103 03       		.uleb128 0x3
 157 0104 90020000 		.long	.LASF23
 158 0108 05       		.byte	0x5
 159 0109 48       		.byte	0x48
 160 010a 1D       		.byte	0x1d
 161 010b C7000000 		.long	0xc7
 162 010f 03       		.uleb128 0x3
 163 0110 1A010000 		.long	.LASF24
 164 0114 05       		.byte	0x5
 165 0115 49       		.byte	0x49
 166 0116 1D       		.byte	0x1d
 167 0117 C7000000 		.long	0xc7
 168 011b 03       		.uleb128 0x3
 169 011c A5030000 		.long	.LASF25
 170 0120 05       		.byte	0x5
 171 0121 4A       		.byte	0x4a
GAS LISTING /tmp/cc7jUroK.s 			page 4


 172 0122 1D       		.byte	0x1d
 173 0123 C7000000 		.long	0xc7
 174 0127 03       		.uleb128 0x3
 175 0128 DC030000 		.long	.LASF26
 176 012c 05       		.byte	0x5
 177 012d 4C       		.byte	0x4c
 178 012e 1D       		.byte	0x1d
 179 012f DF000000 		.long	0xdf
 180 0133 03       		.uleb128 0x3
 181 0134 5B020000 		.long	.LASF27
 182 0138 05       		.byte	0x5
 183 0139 4D       		.byte	0x4d
 184 013a 1D       		.byte	0x1d
 185 013b BB000000 		.long	0xbb
 186 013f 03       		.uleb128 0x3
 187 0140 AE020000 		.long	.LASF28
 188 0144 05       		.byte	0x5
 189 0145 4F       		.byte	0x4f
 190 0146 1D       		.byte	0x1d
 191 0147 DF000000 		.long	0xdf
 192 014b 03       		.uleb128 0x3
 193 014c D8010000 		.long	.LASF29
 194 0150 05       		.byte	0x5
 195 0151 51       		.byte	0x51
 196 0152 1D       		.byte	0x1d
 197 0153 BB000000 		.long	0xbb
 198 0157 03       		.uleb128 0x3
 199 0158 61020000 		.long	.LASF30
 200 015c 05       		.byte	0x5
 201 015d 52       		.byte	0x52
 202 015e 1D       		.byte	0x1d
 203 015f DF000000 		.long	0xdf
 204 0163 03       		.uleb128 0x3
 205 0164 0A050000 		.long	.LASF31
 206 0168 06       		.byte	0x6
 207 0169 34       		.byte	0x34
 208 016a 1A       		.byte	0x1a
 209 016b 6F010000 		.long	0x16f
 210 016f 07       		.uleb128 0x7
 211 0170 51020000 		.long	.LASF49
 212 0174 44       		.byte	0x44
 213 0175 07       		.byte	0x7
 214 0176 8E       		.byte	0x8e
 215 0177 08       		.byte	0x8
 216 0178 5F020000 		.long	0x25f
 217 017c 08       		.uleb128 0x8
 218 017d 29020000 		.long	.LASF32
 219 0181 07       		.byte	0x7
 220 0182 8F       		.byte	0x8f
 221 0183 19       		.byte	0x19
 222 0184 98020000 		.long	0x298
 223 0188 00       		.byte	0
 224 0189 08       		.uleb128 0x8
 225 018a 85030000 		.long	.LASF33
 226 018e 07       		.byte	0x7
 227 018f 90       		.byte	0x90
 228 0190 19       		.byte	0x19
GAS LISTING /tmp/cc7jUroK.s 			page 5


 229 0191 27010000 		.long	0x127
 230 0195 08       		.byte	0x8
 231 0196 09       		.uleb128 0x9
 232 0197 63747800 		.string	"ctx"
 233 019b 07       		.byte	0x7
 234 019c 91       		.byte	0x91
 235 019d 19       		.byte	0x19
 236 019e 3F050000 		.long	0x53f
 237 01a2 0C       		.byte	0xc
 238 01a3 08       		.uleb128 0x8
 239 01a4 EB020000 		.long	.LASF34
 240 01a8 07       		.byte	0x7
 241 01a9 93       		.byte	0x93
 242 01aa 1A       		.byte	0x1a
 243 01ab 6B020000 		.long	0x26b
 244 01af 10       		.byte	0x10
 245 01b0 08       		.uleb128 0x8
 246 01b1 DA040000 		.long	.LASF35
 247 01b5 07       		.byte	0x7
 248 01b6 94       		.byte	0x94
 249 01b7 1A       		.byte	0x1a
 250 01b8 6B020000 		.long	0x26b
 251 01bc 14       		.byte	0x14
 252 01bd 08       		.uleb128 0x8
 253 01be 24020000 		.long	.LASF36
 254 01c2 07       		.byte	0x7
 255 01c3 9B       		.byte	0x9b
 256 01c4 1A       		.byte	0x1a
 257 01c5 7D060000 		.long	0x67d
 258 01c9 18       		.byte	0x18
 259 01ca 08       		.uleb128 0x8
 260 01cb CE040000 		.long	.LASF37
 261 01cf 07       		.byte	0x7
 262 01d0 A4       		.byte	0xa4
 263 01d1 1A       		.byte	0x1a
 264 01d2 88060000 		.long	0x688
 265 01d6 1C       		.byte	0x1c
 266 01d7 08       		.uleb128 0x8
 267 01d8 0B010000 		.long	.LASF38
 268 01dc 07       		.byte	0x7
 269 01dd A9       		.byte	0xa9
 270 01de 19       		.byte	0x19
 271 01df 0F010000 		.long	0x10f
 272 01e3 20       		.byte	0x20
 273 01e4 08       		.uleb128 0x8
 274 01e5 A3050000 		.long	.LASF39
 275 01e9 07       		.byte	0x7
 276 01ea AD       		.byte	0xad
 277 01eb 19       		.byte	0x19
 278 01ec 03010000 		.long	0x103
 279 01f0 21       		.byte	0x21
 280 01f1 08       		.uleb128 0x8
 281 01f2 B8030000 		.long	.LASF40
 282 01f6 07       		.byte	0x7
 283 01f7 B2       		.byte	0xb2
 284 01f8 19       		.byte	0x19
 285 01f9 1B010000 		.long	0x11b
GAS LISTING /tmp/cc7jUroK.s 			page 6


 286 01fd 22       		.byte	0x22
 287 01fe 0A       		.uleb128 0xa
 288 01ff 7500     		.string	"u"
 289 0201 07       		.byte	0x7
 290 0202 0301     		.value	0x103
 291 0204 19       		.byte	0x19
 292 0205 A3050000 		.long	0x5a3
 293 0209 24       		.byte	0x24
 294 020a 0B       		.uleb128 0xb
 295 020b AF010000 		.long	.LASF41
 296 020f 07       		.byte	0x7
 297 0210 0801     		.value	0x108
 298 0212 19       		.byte	0x19
 299 0213 71020000 		.long	0x271
 300 0217 28       		.byte	0x28
 301 0218 0B       		.uleb128 0xb
 302 0219 31000000 		.long	.LASF42
 303 021d 07       		.byte	0x7
 304 021e 0E01     		.value	0x10e
 305 0220 19       		.byte	0x19
 306 0221 98020000 		.long	0x298
 307 0225 2C       		.byte	0x2c
 308 0226 0B       		.uleb128 0xb
 309 0227 68020000 		.long	.LASF43
 310 022b 07       		.byte	0x7
 311 022c 1401     		.value	0x114
 312 022e 19       		.byte	0x19
 313 022f 3F010000 		.long	0x13f
 314 0233 34       		.byte	0x34
 315 0234 0B       		.uleb128 0xb
 316 0235 8A060000 		.long	.LASF44
 317 0239 07       		.byte	0x7
 318 023a 1B01     		.value	0x11b
 319 023c 1A       		.byte	0x1a
 320 023d 77060000 		.long	0x677
 321 0241 38       		.byte	0x38
 322 0242 0B       		.uleb128 0xb
 323 0243 0E030000 		.long	.LASF45
 324 0247 07       		.byte	0x7
 325 0248 1F01     		.value	0x11f
 326 024a 19       		.byte	0x19
 327 024b 27010000 		.long	0x127
 328 024f 3C       		.byte	0x3c
 329 0250 0B       		.uleb128 0xb
 330 0251 2F020000 		.long	.LASF46
 331 0255 07       		.byte	0x7
 332 0256 2601     		.value	0x126
 333 0258 1A       		.byte	0x1a
 334 0259 AD000000 		.long	0xad
 335 025d 40       		.byte	0x40
 336 025e 00       		.byte	0
 337 025f 03       		.uleb128 0x3
 338 0260 27030000 		.long	.LASF47
 339 0264 06       		.byte	0x6
 340 0265 39       		.byte	0x39
 341 0266 14       		.byte	0x14
 342 0267 6B020000 		.long	0x26b
GAS LISTING /tmp/cc7jUroK.s 			page 7


 343 026b 0C       		.uleb128 0xc
 344 026c 04       		.byte	0x4
 345 026d 63010000 		.long	0x163
 346 0271 03       		.uleb128 0x3
 347 0272 4C060000 		.long	.LASF48
 348 0276 06       		.byte	0x6
 349 0277 3E       		.byte	0x3e
 350 0278 20       		.byte	0x20
 351 0279 7D020000 		.long	0x27d
 352 027d 07       		.uleb128 0x7
 353 027e AB040000 		.long	.LASF50
 354 0282 04       		.byte	0x4
 355 0283 07       		.byte	0x7
 356 0284 7C       		.byte	0x7c
 357 0285 08       		.byte	0x8
 358 0286 98020000 		.long	0x298
 359 028a 08       		.uleb128 0x8
 360 028b CA000000 		.long	.LASF51
 361 028f 07       		.byte	0x7
 362 0290 7D       		.byte	0x7d
 363 0291 1A       		.byte	0x1a
 364 0292 6B020000 		.long	0x26b
 365 0296 00       		.byte	0
 366 0297 00       		.byte	0
 367 0298 03       		.uleb128 0x3
 368 0299 7C050000 		.long	.LASF52
 369 029d 06       		.byte	0x6
 370 029e 45       		.byte	0x45
 371 029f 21       		.byte	0x21
 372 02a0 A4020000 		.long	0x2a4
 373 02a4 07       		.uleb128 0x7
 374 02a5 CF000000 		.long	.LASF53
 375 02a9 08       		.byte	0x8
 376 02aa 07       		.byte	0x7
 377 02ab 83       		.byte	0x83
 378 02ac 08       		.byte	0x8
 379 02ad CC020000 		.long	0x2cc
 380 02b1 08       		.uleb128 0x8
 381 02b2 CA000000 		.long	.LASF51
 382 02b6 07       		.byte	0x7
 383 02b7 84       		.byte	0x84
 384 02b8 1A       		.byte	0x1a
 385 02b9 6B020000 		.long	0x26b
 386 02bd 00       		.byte	0
 387 02be 08       		.uleb128 0x8
 388 02bf 44000000 		.long	.LASF54
 389 02c3 07       		.byte	0x7
 390 02c4 85       		.byte	0x85
 391 02c5 1A       		.byte	0x1a
 392 02c6 6B020000 		.long	0x26b
 393 02ca 04       		.byte	0x4
 394 02cb 00       		.byte	0
 395 02cc 03       		.uleb128 0x3
 396 02cd 16000000 		.long	.LASF55
 397 02d1 06       		.byte	0x6
 398 02d2 4C       		.byte	0x4c
 399 02d3 1E       		.byte	0x1e
GAS LISTING /tmp/cc7jUroK.s 			page 8


 400 02d4 D8020000 		.long	0x2d8
 401 02d8 0D       		.uleb128 0xd
 402 02d9 A0020000 		.long	.LASF56
 403 02dd 1C       		.byte	0x1c
 404 02de 07       		.byte	0x7
 405 02df 5E01     		.value	0x15e
 406 02e1 08       		.byte	0x8
 407 02e2 3B030000 		.long	0x33b
 408 02e6 0B       		.uleb128 0xb
 409 02e7 29020000 		.long	.LASF32
 410 02eb 07       		.byte	0x7
 411 02ec 5F01     		.value	0x15f
 412 02ee 19       		.byte	0x19
 413 02ef 98020000 		.long	0x298
 414 02f3 00       		.byte	0
 415 02f4 0B       		.uleb128 0xb
 416 02f5 85030000 		.long	.LASF33
 417 02f9 07       		.byte	0x7
 418 02fa 6001     		.value	0x160
 419 02fc 19       		.byte	0x19
 420 02fd 27010000 		.long	0x127
 421 0301 08       		.byte	0x8
 422 0302 0A       		.uleb128 0xa
 423 0303 63747800 		.string	"ctx"
 424 0307 07       		.byte	0x7
 425 0308 6201     		.value	0x162
 426 030a 19       		.byte	0x19
 427 030b 3F050000 		.long	0x53f
 428 030f 0C       		.byte	0xc
 429 0310 0B       		.uleb128 0xb
 430 0311 EB020000 		.long	.LASF34
 431 0315 07       		.byte	0x7
 432 0316 6501     		.value	0x165
 433 0318 1A       		.byte	0x1a
 434 0319 6B020000 		.long	0x26b
 435 031d 10       		.byte	0x10
 436 031e 0B       		.uleb128 0xb
 437 031f DA040000 		.long	.LASF35
 438 0323 07       		.byte	0x7
 439 0324 6601     		.value	0x166
 440 0326 1A       		.byte	0x1a
 441 0327 6B020000 		.long	0x26b
 442 032b 14       		.byte	0x14
 443 032c 0B       		.uleb128 0xb
 444 032d 93030000 		.long	.LASF57
 445 0331 07       		.byte	0x7
 446 0332 6901     		.value	0x169
 447 0334 1A       		.byte	0x1a
 448 0335 6B020000 		.long	0x26b
 449 0339 18       		.byte	0x18
 450 033a 00       		.byte	0
 451 033b 03       		.uleb128 0x3
 452 033c 5B060000 		.long	.LASF58
 453 0340 06       		.byte	0x6
 454 0341 51       		.byte	0x51
 455 0342 10       		.byte	0x10
 456 0343 47030000 		.long	0x347
GAS LISTING /tmp/cc7jUroK.s 			page 9


 457 0347 0C       		.uleb128 0xc
 458 0348 04       		.byte	0x4
 459 0349 4D030000 		.long	0x34d
 460 034d 0E       		.uleb128 0xe
 461 034e 58030000 		.long	0x358
 462 0352 0F       		.uleb128 0xf
 463 0353 AD000000 		.long	0xad
 464 0357 00       		.byte	0
 465 0358 03       		.uleb128 0x3
 466 0359 BD030000 		.long	.LASF59
 467 035d 06       		.byte	0x6
 468 035e 56       		.byte	0x56
 469 035f 21       		.byte	0x21
 470 0360 64030000 		.long	0x364
 471 0364 0D       		.uleb128 0xd
 472 0365 59040000 		.long	.LASF60
 473 0369 14       		.byte	0x14
 474 036a 07       		.byte	0x7
 475 036b 3901     		.value	0x139
 476 036d 08       		.byte	0x8
 477 036e B9030000 		.long	0x3b9
 478 0372 0B       		.uleb128 0xb
 479 0373 CA000000 		.long	.LASF51
 480 0377 07       		.byte	0x7
 481 0378 3A01     		.value	0x13a
 482 037a 1A       		.byte	0x1a
 483 037b 8E060000 		.long	0x68e
 484 037f 00       		.byte	0
 485 0380 0B       		.uleb128 0xb
 486 0381 44000000 		.long	.LASF54
 487 0385 07       		.byte	0x7
 488 0386 3B01     		.value	0x13b
 489 0388 1A       		.byte	0x1a
 490 0389 8E060000 		.long	0x68e
 491 038d 04       		.byte	0x4
 492 038e 0B       		.uleb128 0xb
 493 038f B6000000 		.long	.LASF61
 494 0393 07       		.byte	0x7
 495 0394 3C01     		.value	0x13c
 496 0396 19       		.byte	0x19
 497 0397 A6040000 		.long	0x4a6
 498 039b 08       		.byte	0x8
 499 039c 0B       		.uleb128 0xb
 500 039d 23010000 		.long	.LASF62
 501 03a1 07       		.byte	0x7
 502 03a2 3D01     		.value	0x13d
 503 03a4 19       		.byte	0x19
 504 03a5 3B030000 		.long	0x33b
 505 03a9 0C       		.byte	0xc
 506 03aa 0A       		.uleb128 0xa
 507 03ab 70617200 		.string	"par"
 508 03af 07       		.byte	0x7
 509 03b0 3F01     		.value	0x13f
 510 03b2 1A       		.byte	0x1a
 511 03b3 AD000000 		.long	0xad
 512 03b7 10       		.byte	0x10
 513 03b8 00       		.byte	0
GAS LISTING /tmp/cc7jUroK.s 			page 10


 514 03b9 03       		.uleb128 0x3
 515 03ba CA020000 		.long	.LASF63
 516 03be 06       		.byte	0x6
 517 03bf 5B       		.byte	0x5b
 518 03c0 28       		.byte	0x28
 519 03c1 C5030000 		.long	0x3c5
 520 03c5 0D       		.uleb128 0xd
 521 03c6 3A030000 		.long	.LASF64
 522 03ca 10       		.byte	0x10
 523 03cb 07       		.byte	0x7
 524 03cc 4901     		.value	0x149
 525 03ce 08       		.byte	0x8
 526 03cf 0C040000 		.long	0x40c
 527 03d3 0B       		.uleb128 0xb
 528 03d4 CA000000 		.long	.LASF51
 529 03d8 07       		.byte	0x7
 530 03d9 4A01     		.value	0x14a
 531 03db 1A       		.byte	0x1a
 532 03dc 8E060000 		.long	0x68e
 533 03e0 00       		.byte	0
 534 03e1 0B       		.uleb128 0xb
 535 03e2 44000000 		.long	.LASF54
 536 03e6 07       		.byte	0x7
 537 03e7 4C01     		.value	0x14c
 538 03e9 1A       		.byte	0x1a
 539 03ea 8E060000 		.long	0x68e
 540 03ee 04       		.byte	0x4
 541 03ef 0B       		.uleb128 0xb
 542 03f0 B6000000 		.long	.LASF61
 543 03f4 07       		.byte	0x7
 544 03f5 4E01     		.value	0x14e
 545 03f7 19       		.byte	0x19
 546 03f8 A6040000 		.long	0x4a6
 547 03fc 08       		.byte	0x8
 548 03fd 0B       		.uleb128 0xb
 549 03fe 98020000 		.long	.LASF65
 550 0402 07       		.byte	0x7
 551 0403 5001     		.value	0x150
 552 0405 19       		.byte	0x19
 553 0406 A1040000 		.long	0x4a1
 554 040a 0C       		.byte	0xc
 555 040b 00       		.byte	0
 556 040c 03       		.uleb128 0x3
 557 040d 55000000 		.long	.LASF66
 558 0411 06       		.byte	0x6
 559 0412 60       		.byte	0x60
 560 0413 20       		.byte	0x20
 561 0414 18040000 		.long	0x418
 562 0418 0D       		.uleb128 0xd
 563 0419 E4030000 		.long	.LASF67
 564 041d 04       		.byte	0x4
 565 041e 07       		.byte	0x7
 566 041f 7001     		.value	0x170
 567 0421 08       		.byte	0x8
 568 0422 35040000 		.long	0x435
 569 0426 0B       		.uleb128 0xb
 570 0427 2E050000 		.long	.LASF68
GAS LISTING /tmp/cc7jUroK.s 			page 11


 571 042b 07       		.byte	0x7
 572 042c 7801     		.value	0x178
 573 042e 24       		.byte	0x24
 574 042f 83060000 		.long	0x683
 575 0433 00       		.byte	0
 576 0434 00       		.byte	0
 577 0435 03       		.uleb128 0x3
 578 0436 7C020000 		.long	.LASF69
 579 043a 06       		.byte	0x6
 580 043b 65       		.byte	0x65
 581 043c 1A       		.byte	0x1a
 582 043d 41040000 		.long	0x441
 583 0441 0D       		.uleb128 0xd
 584 0442 3B040000 		.long	.LASF70
 585 0446 78       		.byte	0x78
 586 0447 07       		.byte	0x7
 587 0448 9001     		.value	0x190
 588 044a 08       		.byte	0x8
 589 044b 95040000 		.long	0x495
 590 044f 0B       		.uleb128 0xb
 591 0450 95050000 		.long	.LASF71
 592 0454 07       		.byte	0x7
 593 0455 9401     		.value	0x194
 594 0457 19       		.byte	0x19
 595 0458 CC020000 		.long	0x2cc
 596 045c 00       		.byte	0
 597 045d 0B       		.uleb128 0xb
 598 045e 04010000 		.long	.LASF72
 599 0462 07       		.byte	0x7
 600 0463 9801     		.value	0x198
 601 0465 19       		.byte	0x19
 602 0466 B9030000 		.long	0x3b9
 603 046a 1C       		.byte	0x1c
 604 046b 0A       		.uleb128 0xa
 605 046c 64626700 		.string	"dbg"
 606 0470 07       		.byte	0x7
 607 0471 9C01     		.value	0x19c
 608 0473 19       		.byte	0x19
 609 0474 0C040000 		.long	0x40c
 610 0478 2C       		.byte	0x2c
 611 0479 0B       		.uleb128 0xb
 612 047a A3000000 		.long	.LASF73
 613 047e 07       		.byte	0x7
 614 047f A001     		.value	0x1a0
 615 0481 19       		.byte	0x19
 616 0482 63010000 		.long	0x163
 617 0486 30       		.byte	0x30
 618 0487 0A       		.uleb128 0xa
 619 0488 746D00   		.string	"tm"
 620 048b 07       		.byte	0x7
 621 048c A501     		.value	0x1a5
 622 048e 19       		.byte	0x19
 623 048f 97050000 		.long	0x597
 624 0493 74       		.byte	0x74
 625 0494 00       		.byte	0
 626 0495 03       		.uleb128 0x3
 627 0496 13050000 		.long	.LASF74
GAS LISTING /tmp/cc7jUroK.s 			page 12


 628 049a 08       		.byte	0x8
 629 049b 8E       		.byte	0x8e
 630 049c 12       		.byte	0x12
 631 049d D3000000 		.long	0xd3
 632 04a1 10       		.uleb128 0x10
 633 04a2 95040000 		.long	0x495
 634 04a6 03       		.uleb128 0x3
 635 04a7 CA010000 		.long	.LASF75
 636 04ab 08       		.byte	0x8
 637 04ac 98       		.byte	0x98
 638 04ad 12       		.byte	0x12
 639 04ae DF000000 		.long	0xdf
 640 04b2 11       		.uleb128 0x11
 641 04b3 10       		.byte	0x10
 642 04b4 09       		.byte	0x9
 643 04b5 91       		.byte	0x91
 644 04b6 09       		.byte	0x9
 645 04b7 C7040000 		.long	0x4c7
 646 04bb 09       		.uleb128 0x9
 647 04bc 6100     		.string	"a"
 648 04be 09       		.byte	0x9
 649 04bf 92       		.byte	0x92
 650 04c0 0B       		.byte	0xb
 651 04c1 C7040000 		.long	0x4c7
 652 04c5 00       		.byte	0
 653 04c6 00       		.byte	0
 654 04c7 12       		.uleb128 0x12
 655 04c8 C7000000 		.long	0xc7
 656 04cc D7040000 		.long	0x4d7
 657 04d0 13       		.uleb128 0x13
 658 04d1 30000000 		.long	0x30
 659 04d5 0F       		.byte	0xf
 660 04d6 00       		.byte	0
 661 04d7 14       		.uleb128 0x14
 662 04d8 E0020000 		.long	.LASF144
 663 04dc 09       		.byte	0x9
 664 04dd 93       		.byte	0x93
 665 04de 03       		.byte	0x3
 666 04df B2040000 		.long	0x4b2
 667 04e3 10       		.byte	0x10
 668 04e4 03       		.uleb128 0x3
 669 04e5 1D050000 		.long	.LASF76
 670 04e9 09       		.byte	0x9
 671 04ea 98       		.byte	0x98
 672 04eb 0F       		.byte	0xf
 673 04ec AD000000 		.long	0xad
 674 04f0 07       		.uleb128 0x7
 675 04f1 49000000 		.long	.LASF77
 676 04f5 14       		.byte	0x14
 677 04f6 09       		.byte	0x9
 678 04f7 A7       		.byte	0xa7
 679 04f8 08       		.byte	0x8
 680 04f9 3F050000 		.long	0x53f
 681 04fd 09       		.uleb128 0x9
 682 04fe 65627800 		.string	"ebx"
 683 0502 09       		.byte	0x9
 684 0503 A8       		.byte	0xa8
GAS LISTING /tmp/cc7jUroK.s 			page 13


 685 0504 0B       		.byte	0xb
 686 0505 E4040000 		.long	0x4e4
 687 0509 00       		.byte	0
 688 050a 09       		.uleb128 0x9
 689 050b 65646900 		.string	"edi"
 690 050f 09       		.byte	0x9
 691 0510 A9       		.byte	0xa9
 692 0511 0B       		.byte	0xb
 693 0512 E4040000 		.long	0x4e4
 694 0516 04       		.byte	0x4
 695 0517 09       		.uleb128 0x9
 696 0518 65736900 		.string	"esi"
 697 051c 09       		.byte	0x9
 698 051d AA       		.byte	0xaa
 699 051e 0B       		.byte	0xb
 700 051f E4040000 		.long	0x4e4
 701 0523 08       		.byte	0x8
 702 0524 09       		.uleb128 0x9
 703 0525 65627000 		.string	"ebp"
 704 0529 09       		.byte	0x9
 705 052a AB       		.byte	0xab
 706 052b 0B       		.byte	0xb
 707 052c E4040000 		.long	0x4e4
 708 0530 0C       		.byte	0xc
 709 0531 09       		.uleb128 0x9
 710 0532 65697000 		.string	"eip"
 711 0536 09       		.byte	0x9
 712 0537 AC       		.byte	0xac
 713 0538 0B       		.byte	0xb
 714 0539 E4040000 		.long	0x4e4
 715 053d 10       		.byte	0x10
 716 053e 00       		.byte	0
 717 053f 07       		.uleb128 0x7
 718 0540 67030000 		.long	.LASF78
 719 0544 04       		.byte	0x4
 720 0545 09       		.byte	0x9
 721 0546 B4       		.byte	0xb4
 722 0547 08       		.byte	0x8
 723 0548 59050000 		.long	0x559
 724 054c 09       		.uleb128 0x9
 725 054d 737000   		.string	"sp"
 726 0550 09       		.byte	0x9
 727 0551 B5       		.byte	0xb5
 728 0552 17       		.byte	0x17
 729 0553 59050000 		.long	0x559
 730 0557 00       		.byte	0
 731 0558 00       		.byte	0
 732 0559 0C       		.uleb128 0xc
 733 055a 04       		.byte	0x4
 734 055b F0040000 		.long	0x4f0
 735 055f 15       		.uleb128 0x15
 736 0560 F4040000 		.long	.LASF80
 737 0564 09       		.byte	0x9
 738 0565 1E01     		.value	0x11e
 739 0567 0D       		.byte	0xd
 740 0568 6C050000 		.long	0x56c
 741 056c 04       		.uleb128 0x4
GAS LISTING /tmp/cc7jUroK.s 			page 14


 742 056d 01       		.byte	0x1
 743 056e 02       		.byte	0x2
 744 056f F4030000 		.long	.LASF79
 745 0573 15       		.uleb128 0x15
 746 0574 C1040000 		.long	.LASF81
 747 0578 09       		.byte	0x9
 748 0579 1F01     		.value	0x11f
 749 057b 11       		.byte	0x11
 750 057c F7000000 		.long	0xf7
 751 0580 11       		.uleb128 0x11
 752 0581 04       		.byte	0x4
 753 0582 0A       		.byte	0xa
 754 0583 38       		.byte	0x38
 755 0584 09       		.byte	0x9
 756 0585 97050000 		.long	0x597
 757 0589 08       		.uleb128 0x8
 758 058a 38050000 		.long	.LASF82
 759 058e 0A       		.byte	0xa
 760 058f 3C       		.byte	0x3c
 761 0590 19       		.byte	0x19
 762 0591 EB000000 		.long	0xeb
 763 0595 00       		.byte	0
 764 0596 00       		.byte	0
 765 0597 03       		.uleb128 0x3
 766 0598 74030000 		.long	.LASF83
 767 059c 0A       		.byte	0xa
 768 059d 3D       		.byte	0x3d
 769 059e 03       		.byte	0x3
 770 059f 80050000 		.long	0x580
 771 05a3 16       		.uleb128 0x16
 772 05a4 04       		.byte	0x4
 773 05a5 07       		.byte	0x7
 774 05a6 C6       		.byte	0xc6
 775 05a7 03       		.byte	0x3
 776 05a8 0E060000 		.long	0x60e
 777 05ac 17       		.uleb128 0x17
 778 05ad 2A000000 		.long	.LASF84
 779 05b1 07       		.byte	0x7
 780 05b2 CD       		.byte	0xcd
 781 05b3 19       		.byte	0x19
 782 05b4 33010000 		.long	0x133
 783 05b8 17       		.uleb128 0x17
 784 05b9 9A000000 		.long	.LASF85
 785 05bd 07       		.byte	0x7
 786 05be D4       		.byte	0xd4
 787 05bf 19       		.byte	0x19
 788 05c0 33010000 		.long	0x133
 789 05c4 17       		.uleb128 0x17
 790 05c5 B3050000 		.long	.LASF86
 791 05c9 07       		.byte	0x7
 792 05ca DB       		.byte	0xdb
 793 05cb 1A       		.byte	0x1a
 794 05cc AD000000 		.long	0xad
 795 05d0 17       		.uleb128 0x17
 796 05d1 2E040000 		.long	.LASF87
 797 05d5 07       		.byte	0x7
 798 05d6 E2       		.byte	0xe2
GAS LISTING /tmp/cc7jUroK.s 			page 15


 799 05d7 1A       		.byte	0x1a
 800 05d8 0E060000 		.long	0x60e
 801 05dc 17       		.uleb128 0x17
 802 05dd AE000000 		.long	.LASF88
 803 05e1 07       		.byte	0x7
 804 05e2 E7       		.byte	0xe7
 805 05e3 19       		.byte	0x19
 806 05e4 33010000 		.long	0x133
 807 05e8 17       		.uleb128 0x17
 808 05e9 F4010000 		.long	.LASF89
 809 05ed 07       		.byte	0x7
 810 05ee F0       		.byte	0xf0
 811 05ef 1A       		.byte	0x1a
 812 05f0 3C060000 		.long	0x63c
 813 05f4 17       		.uleb128 0x17
 814 05f5 A4040000 		.long	.LASF90
 815 05f9 07       		.byte	0x7
 816 05fa F9       		.byte	0xf9
 817 05fb 1A       		.byte	0x1a
 818 05fc 77060000 		.long	0x677
 819 0600 18       		.uleb128 0x18
 820 0601 34040000 		.long	.LASF91
 821 0605 07       		.byte	0x7
 822 0606 0101     		.value	0x101
 823 0608 19       		.byte	0x19
 824 0609 3F010000 		.long	0x13f
 825 060d 00       		.byte	0
 826 060e 0C       		.uleb128 0xc
 827 060f 04       		.byte	0x4
 828 0610 5F020000 		.long	0x25f
 829 0614 07       		.uleb128 0x7
 830 0615 6A040000 		.long	.LASF92
 831 0619 0C       		.byte	0xc
 832 061a 0B       		.byte	0xb
 833 061b 34       		.byte	0x34
 834 061c 10       		.byte	0x10
 835 061d 3C060000 		.long	0x63c
 836 0621 08       		.uleb128 0x8
 837 0622 29020000 		.long	.LASF32
 838 0626 0B       		.byte	0xb
 839 0627 35       		.byte	0x35
 840 0628 19       		.byte	0x19
 841 0629 98020000 		.long	0x298
 842 062d 00       		.byte	0
 843 062e 09       		.uleb128 0x9
 844 062f 636E7400 		.string	"cnt"
 845 0633 0B       		.byte	0xb
 846 0634 37       		.byte	0x37
 847 0635 19       		.byte	0x19
 848 0636 4B010000 		.long	0x14b
 849 063a 08       		.byte	0x8
 850 063b 00       		.byte	0
 851 063c 0C       		.uleb128 0xc
 852 063d 04       		.byte	0x4
 853 063e 14060000 		.long	0x614
 854 0642 07       		.uleb128 0x7
 855 0643 8C050000 		.long	.LASF93
GAS LISTING /tmp/cc7jUroK.s 			page 16


 856 0647 10       		.byte	0x10
 857 0648 0C       		.byte	0xc
 858 0649 39       		.byte	0x39
 859 064a 08       		.byte	0x8
 860 064b 77060000 		.long	0x677
 861 064f 08       		.uleb128 0x8
 862 0650 29020000 		.long	.LASF32
 863 0654 0C       		.byte	0xc
 864 0655 3A       		.byte	0x3a
 865 0656 19       		.byte	0x19
 866 0657 98020000 		.long	0x298
 867 065b 00       		.byte	0
 868 065c 08       		.uleb128 0x8
 869 065d BB040000 		.long	.LASF94
 870 0661 0C       		.byte	0xc
 871 0662 3C       		.byte	0x3c
 872 0663 1A       		.byte	0x1a
 873 0664 6B020000 		.long	0x26b
 874 0668 08       		.byte	0x8
 875 0669 08       		.uleb128 0x8
 876 066a CA000000 		.long	.LASF51
 877 066e 0C       		.byte	0xc
 878 066f 3E       		.byte	0x3e
 879 0670 1A       		.byte	0x1a
 880 0671 E6070000 		.long	0x7e6
 881 0675 0C       		.byte	0xc
 882 0676 00       		.byte	0
 883 0677 0C       		.uleb128 0xc
 884 0678 04       		.byte	0x4
 885 0679 42060000 		.long	0x642
 886 067d 0C       		.uleb128 0xc
 887 067e 04       		.byte	0x4
 888 067f B6000000 		.long	0xb6
 889 0683 10       		.uleb128 0x10
 890 0684 7D060000 		.long	0x67d
 891 0688 0C       		.uleb128 0xc
 892 0689 04       		.byte	0x4
 893 068a D7040000 		.long	0x4d7
 894 068e 0C       		.uleb128 0xc
 895 068f 04       		.byte	0x4
 896 0690 58030000 		.long	0x358
 897 0694 19       		.uleb128 0x19
 898 0695 636800   		.string	"ch"
 899 0698 07       		.byte	0x7
 900 0699 C701     		.value	0x1c7
 901 069b 14       		.byte	0x14
 902 069c 35040000 		.long	0x435
 903 06a0 1A       		.uleb128 0x1a
 904 06a1 D7040000 		.long	0x4d7
 905 06a5 10       		.byte	0x10
 906 06a6 AC060000 		.long	0x6ac
 907 06aa 1B       		.uleb128 0x1b
 908 06ab 00       		.byte	0
 909 06ac 15       		.uleb128 0x15
 910 06ad 80040000 		.long	.LASF95
 911 06b1 0D       		.byte	0xd
 912 06b2 1701     		.value	0x117
GAS LISTING /tmp/cc7jUroK.s 			page 17


 913 06b4 13       		.byte	0x13
 914 06b5 A0060000 		.long	0x6a0
 915 06b9 11       		.uleb128 0x11
 916 06ba 16       		.byte	0x16
 917 06bb 0E       		.byte	0xe
 918 06bc 34       		.byte	0x34
 919 06bd 09       		.byte	0x9
 920 06be AD070000 		.long	0x7ad
 921 06c2 08       		.uleb128 0x8
 922 06c3 28010000 		.long	.LASF96
 923 06c7 0E       		.byte	0xe
 924 06c8 35       		.byte	0x35
 925 06c9 0D       		.byte	0xd
 926 06ca AD070000 		.long	0x7ad
 927 06ce 00       		.byte	0
 928 06cf 08       		.uleb128 0x8
 929 06d0 B7010000 		.long	.LASF97
 930 06d4 0E       		.byte	0xe
 931 06d5 36       		.byte	0x36
 932 06d6 0D       		.byte	0xd
 933 06d7 C7000000 		.long	0xc7
 934 06db 04       		.byte	0x4
 935 06dc 08       		.uleb128 0x8
 936 06dd C6050000 		.long	.LASF98
 937 06e1 0E       		.byte	0xe
 938 06e2 37       		.byte	0x37
 939 06e3 0D       		.byte	0xd
 940 06e4 C7000000 		.long	0xc7
 941 06e8 05       		.byte	0x5
 942 06e9 08       		.uleb128 0x8
 943 06ea 17030000 		.long	.LASF99
 944 06ee 0E       		.byte	0xe
 945 06ef 38       		.byte	0x38
 946 06f0 0D       		.byte	0xd
 947 06f1 D3000000 		.long	0xd3
 948 06f5 06       		.byte	0x6
 949 06f6 08       		.uleb128 0x8
 950 06f7 61050000 		.long	.LASF100
 951 06fb 0E       		.byte	0xe
 952 06fc 39       		.byte	0x39
 953 06fd 0D       		.byte	0xd
 954 06fe C7000000 		.long	0xc7
 955 0702 08       		.byte	0x8
 956 0703 08       		.uleb128 0x8
 957 0704 92040000 		.long	.LASF101
 958 0708 0E       		.byte	0xe
 959 0709 3A       		.byte	0x3a
 960 070a 0D       		.byte	0xd
 961 070b C7000000 		.long	0xc7
 962 070f 09       		.byte	0x9
 963 0710 08       		.uleb128 0x8
 964 0711 AD030000 		.long	.LASF102
 965 0715 0E       		.byte	0xe
 966 0716 3B       		.byte	0x3b
 967 0717 0D       		.byte	0xd
 968 0718 C7000000 		.long	0xc7
 969 071c 0A       		.byte	0xa
GAS LISTING /tmp/cc7jUroK.s 			page 18


 970 071d 08       		.uleb128 0x8
 971 071e 10040000 		.long	.LASF103
 972 0722 0E       		.byte	0xe
 973 0723 3C       		.byte	0x3c
 974 0724 0D       		.byte	0xd
 975 0725 C7000000 		.long	0xc7
 976 0729 0B       		.byte	0xb
 977 072a 08       		.uleb128 0x8
 978 072b 88020000 		.long	.LASF104
 979 072f 0E       		.byte	0xe
 980 0730 3D       		.byte	0x3d
 981 0731 0D       		.byte	0xd
 982 0732 C7000000 		.long	0xc7
 983 0736 0C       		.byte	0xc
 984 0737 08       		.uleb128 0x8
 985 0738 5D030000 		.long	.LASF105
 986 073c 0E       		.byte	0xe
 987 073d 3E       		.byte	0x3e
 988 073e 0D       		.byte	0xd
 989 073f C7000000 		.long	0xc7
 990 0743 0D       		.byte	0xd
 991 0744 08       		.uleb128 0x8
 992 0745 3F050000 		.long	.LASF106
 993 0749 0E       		.byte	0xe
 994 074a 3F       		.byte	0x3f
 995 074b 0D       		.byte	0xd
 996 074c C7000000 		.long	0xc7
 997 0750 0E       		.byte	0xe
 998 0751 08       		.uleb128 0x8
 999 0752 BA020000 		.long	.LASF107
 1000 0756 0E       		.byte	0xe
 1001 0757 40       		.byte	0x40
 1002 0758 0D       		.byte	0xd
 1003 0759 C7000000 		.long	0xc7
 1004 075d 0F       		.byte	0xf
 1005 075e 08       		.uleb128 0x8
 1006 075f 09000000 		.long	.LASF108
 1007 0763 0E       		.byte	0xe
 1008 0764 41       		.byte	0x41
 1009 0765 0D       		.byte	0xd
 1010 0766 C7000000 		.long	0xc7
 1011 076a 10       		.byte	0x10
 1012 076b 08       		.uleb128 0x8
 1013 076c 64060000 		.long	.LASF109
 1014 0770 0E       		.byte	0xe
 1015 0771 42       		.byte	0x42
 1016 0772 0D       		.byte	0xd
 1017 0773 C7000000 		.long	0xc7
 1018 0777 11       		.byte	0x11
 1019 0778 08       		.uleb128 0x8
 1020 0779 80060000 		.long	.LASF110
 1021 077d 0E       		.byte	0xe
 1022 077e 43       		.byte	0x43
 1023 077f 0D       		.byte	0xd
 1024 0780 C7000000 		.long	0xc7
 1025 0784 12       		.byte	0x12
 1026 0785 08       		.uleb128 0x8
GAS LISTING /tmp/cc7jUroK.s 			page 19


 1027 0786 00000000 		.long	.LASF111
 1028 078a 0E       		.byte	0xe
 1029 078b 44       		.byte	0x44
 1030 078c 0D       		.byte	0xd
 1031 078d C7000000 		.long	0xc7
 1032 0791 13       		.byte	0x13
 1033 0792 08       		.uleb128 0x8
 1034 0793 86010000 		.long	.LASF112
 1035 0797 0E       		.byte	0xe
 1036 0798 45       		.byte	0x45
 1037 0799 0D       		.byte	0xd
 1038 079a C7000000 		.long	0xc7
 1039 079e 14       		.byte	0x14
 1040 079f 08       		.uleb128 0x8
 1041 07a0 77040000 		.long	.LASF113
 1042 07a4 0E       		.byte	0xe
 1043 07a5 46       		.byte	0x46
 1044 07a6 0D       		.byte	0xd
 1045 07a7 C7000000 		.long	0xc7
 1046 07ab 15       		.byte	0x15
 1047 07ac 00       		.byte	0
 1048 07ad 12       		.uleb128 0x12
 1049 07ae AF000000 		.long	0xaf
 1050 07b2 BD070000 		.long	0x7bd
 1051 07b6 13       		.uleb128 0x13
 1052 07b7 30000000 		.long	0x30
 1053 07bb 03       		.byte	0x3
 1054 07bc 00       		.byte	0
 1055 07bd 03       		.uleb128 0x3
 1056 07be 7C010000 		.long	.LASF114
 1057 07c2 0E       		.byte	0xe
 1058 07c3 47       		.byte	0x47
 1059 07c4 03       		.byte	0x3
 1060 07c5 B9060000 		.long	0x6b9
 1061 07c9 06       		.uleb128 0x6
 1062 07ca BD070000 		.long	0x7bd
 1063 07ce 1C       		.uleb128 0x1c
 1064 07cf 0D020000 		.long	.LASF115
 1065 07d3 0E       		.byte	0xe
 1066 07d4 6C       		.byte	0x6c
 1067 07d5 1D       		.byte	0x1d
 1068 07d6 C9070000 		.long	0x7c9
 1069 07da 03       		.uleb128 0x3
 1070 07db BC010000 		.long	.LASF116
 1071 07df 0C       		.byte	0xc
 1072 07e0 34       		.byte	0x34
 1073 07e1 19       		.byte	0x19
 1074 07e2 42060000 		.long	0x642
 1075 07e6 0C       		.uleb128 0xc
 1076 07e7 04       		.byte	0x4
 1077 07e8 DA070000 		.long	0x7da
 1078 07ec 03       		.uleb128 0x3
 1079 07ed 76000000 		.long	.LASF117
 1080 07f1 0F       		.byte	0xf
 1081 07f2 4B       		.byte	0x4b
 1082 07f3 11       		.byte	0x11
 1083 07f4 F8070000 		.long	0x7f8
GAS LISTING /tmp/cc7jUroK.s 			page 20


 1084 07f8 0C       		.uleb128 0xc
 1085 07f9 04       		.byte	0x4
 1086 07fa FE070000 		.long	0x7fe
 1087 07fe 1D       		.uleb128 0x1d
 1088 07ff AD000000 		.long	0xad
 1089 0803 12080000 		.long	0x812
 1090 0807 0F       		.uleb128 0xf
 1091 0808 24000000 		.long	0x24
 1092 080c 0F       		.uleb128 0xf
 1093 080d 30000000 		.long	0x30
 1094 0811 00       		.byte	0
 1095 0812 11       		.uleb128 0x11
 1096 0813 08       		.byte	0x8
 1097 0814 0F       		.byte	0xf
 1098 0815 55       		.byte	0x55
 1099 0816 09       		.byte	0x9
 1100 0817 36080000 		.long	0x836
 1101 081b 08       		.uleb128 0x8
 1102 081c 92060000 		.long	.LASF118
 1103 0820 0F       		.byte	0xf
 1104 0821 59       		.byte	0x59
 1105 0822 0C       		.byte	0xc
 1106 0823 36080000 		.long	0x836
 1107 0827 00       		.byte	0
 1108 0828 08       		.uleb128 0x8
 1109 0829 C3020000 		.long	.LASF119
 1110 082d 0F       		.byte	0xf
 1111 082e 5D       		.byte	0x5d
 1112 082f 0C       		.byte	0xc
 1113 0830 36080000 		.long	0x836
 1114 0834 04       		.byte	0x4
 1115 0835 00       		.byte	0
 1116 0836 0C       		.uleb128 0xc
 1117 0837 04       		.byte	0x4
 1118 0838 C7000000 		.long	0xc7
 1119 083c 03       		.uleb128 0x3
 1120 083d 9B030000 		.long	.LASF120
 1121 0841 0F       		.byte	0xf
 1122 0842 5E       		.byte	0x5e
 1123 0843 03       		.byte	0x3
 1124 0844 12080000 		.long	0x812
 1125 0848 1C       		.uleb128 0x1c
 1126 0849 19040000 		.long	.LASF121
 1127 084d 0F       		.byte	0xf
 1128 084e 69       		.byte	0x69
 1129 084f 12       		.byte	0x12
 1130 0850 3C080000 		.long	0x83c
 1131 0854 07       		.uleb128 0x7
 1132 0855 BA050000 		.long	.LASF122
 1133 0859 04       		.byte	0x4
 1134 085a 10       		.byte	0x10
 1135 085b 3C       		.byte	0x3c
 1136 085c 08       		.byte	0x8
 1137 085d 6F080000 		.long	0x86f
 1138 0861 08       		.uleb128 0x8
 1139 0862 CA000000 		.long	.LASF51
 1140 0866 10       		.byte	0x10
GAS LISTING /tmp/cc7jUroK.s 			page 21


 1141 0867 3D       		.byte	0x3d
 1142 0868 1A       		.byte	0x1a
 1143 0869 6F080000 		.long	0x86f
 1144 086d 00       		.byte	0
 1145 086e 00       		.byte	0
 1146 086f 0C       		.uleb128 0xc
 1147 0870 04       		.byte	0x4
 1148 0871 54080000 		.long	0x854
 1149 0875 11       		.uleb128 0x11
 1150 0876 10       		.byte	0x10
 1151 0877 10       		.byte	0x10
 1152 0878 44       		.byte	0x44
 1153 0879 09       		.byte	0x9
 1154 087a B3080000 		.long	0x8b3
 1155 087e 08       		.uleb128 0x8
 1156 087f CA000000 		.long	.LASF51
 1157 0883 10       		.byte	0x10
 1158 0884 45       		.byte	0x45
 1159 0885 1A       		.byte	0x1a
 1160 0886 6F080000 		.long	0x86f
 1161 088a 00       		.byte	0
 1162 088b 08       		.uleb128 0x8
 1163 088c 55050000 		.long	.LASF123
 1164 0890 10       		.byte	0x10
 1165 0891 46       		.byte	0x46
 1166 0892 19       		.byte	0x19
 1167 0893 24000000 		.long	0x24
 1168 0897 04       		.byte	0x4
 1169 0898 08       		.uleb128 0x8
 1170 0899 C4010000 		.long	.LASF124
 1171 089d 10       		.byte	0x10
 1172 089e 48       		.byte	0x48
 1173 089f 19       		.byte	0x19
 1174 08a0 30000000 		.long	0x30
 1175 08a4 08       		.byte	0x8
 1176 08a5 08       		.uleb128 0x8
 1177 08a6 64000000 		.long	.LASF125
 1178 08aa 10       		.byte	0x10
 1179 08ab 49       		.byte	0x49
 1180 08ac 19       		.byte	0x19
 1181 08ad EC070000 		.long	0x7ec
 1182 08b1 0C       		.byte	0xc
 1183 08b2 00       		.byte	0
 1184 08b3 03       		.uleb128 0x3
 1185 08b4 16020000 		.long	.LASF126
 1186 08b8 10       		.byte	0x10
 1187 08b9 4B       		.byte	0x4b
 1188 08ba 03       		.byte	0x3
 1189 08bb 75080000 		.long	0x875
 1190 08bf 07       		.uleb128 0x7
 1191 08c0 CD030000 		.long	.LASF127
 1192 08c4 10       		.byte	0x10
 1193 08c5 11       		.byte	0x11
 1194 08c6 97       		.byte	0x97
 1195 08c7 10       		.byte	0x10
 1196 08c8 F4080000 		.long	0x8f4
 1197 08cc 08       		.uleb128 0x8
GAS LISTING /tmp/cc7jUroK.s 			page 22


 1198 08cd CA000000 		.long	.LASF51
 1199 08d1 11       		.byte	0x11
 1200 08d2 9B       		.byte	0x9b
 1201 08d3 1A       		.byte	0x1a
 1202 08d4 F4080000 		.long	0x8f4
 1203 08d8 00       		.byte	0
 1204 08d9 08       		.uleb128 0x8
 1205 08da B8030000 		.long	.LASF40
 1206 08de 11       		.byte	0x11
 1207 08df 9F       		.byte	0x9f
 1208 08e0 19       		.byte	0x19
 1209 08e1 57010000 		.long	0x157
 1210 08e5 04       		.byte	0x4
 1211 08e6 08       		.uleb128 0x8
 1212 08e7 24020000 		.long	.LASF36
 1213 08eb 11       		.byte	0x11
 1214 08ec A1       		.byte	0xa1
 1215 08ed 19       		.byte	0x19
 1216 08ee FA080000 		.long	0x8fa
 1217 08f2 08       		.byte	0x8
 1218 08f3 00       		.byte	0
 1219 08f4 0C       		.uleb128 0xc
 1220 08f5 04       		.byte	0x4
 1221 08f6 BF080000 		.long	0x8bf
 1222 08fa 12       		.uleb128 0x12
 1223 08fb AF000000 		.long	0xaf
 1224 08ff 0A090000 		.long	0x90a
 1225 0903 13       		.uleb128 0x13
 1226 0904 30000000 		.long	0x30
 1227 0908 07       		.byte	0x7
 1228 0909 00       		.byte	0
 1229 090a 03       		.uleb128 0x3
 1230 090b BC000000 		.long	.LASF128
 1231 090f 11       		.byte	0x11
 1232 0910 A5       		.byte	0xa5
 1233 0911 03       		.byte	0x3
 1234 0912 BF080000 		.long	0x8bf
 1235 0916 07       		.uleb128 0x7
 1236 0917 49050000 		.long	.LASF129
 1237 091b 04       		.byte	0x4
 1238 091c 11       		.byte	0x11
 1239 091d AA       		.byte	0xaa
 1240 091e 10       		.byte	0x10
 1241 091f 31090000 		.long	0x931
 1242 0923 08       		.uleb128 0x8
 1243 0924 CA000000 		.long	.LASF51
 1244 0928 11       		.byte	0x11
 1245 0929 AB       		.byte	0xab
 1246 092a 1A       		.byte	0x1a
 1247 092b 31090000 		.long	0x931
 1248 092f 00       		.byte	0
 1249 0930 00       		.byte	0
 1250 0931 0C       		.uleb128 0xc
 1251 0932 04       		.byte	0x4
 1252 0933 0A090000 		.long	0x90a
 1253 0937 03       		.uleb128 0x3
 1254 0938 71020000 		.long	.LASF130
GAS LISTING /tmp/cc7jUroK.s 			page 23


 1255 093c 11       		.byte	0x11
 1256 093d AC       		.byte	0xac
 1257 093e 03       		.byte	0x3
 1258 093f 16090000 		.long	0x916
 1259 0943 0D       		.uleb128 0xd
 1260 0944 69050000 		.long	.LASF131
 1261 0948 44       		.byte	0x44
 1262 0949 11       		.byte	0x11
 1263 094a 1501     		.value	0x115
 1264 094c 10       		.byte	0x10
 1265 094d C2090000 		.long	0x9c2
 1266 0951 0A       		.uleb128 0xa
 1267 0952 6D747800 		.string	"mtx"
 1268 0956 11       		.byte	0x11
 1269 0957 1A01     		.value	0x11a
 1270 0959 19       		.byte	0x19
 1271 095a DA070000 		.long	0x7da
 1272 095e 00       		.byte	0
 1273 095f 0B       		.uleb128 0xb
 1274 0960 E0040000 		.long	.LASF132
 1275 0964 11       		.byte	0x11
 1276 0965 2101     		.value	0x121
 1277 0967 19       		.byte	0x19
 1278 0968 37090000 		.long	0x937
 1279 096c 10       		.byte	0x10
 1280 096d 0B       		.uleb128 0xb
 1281 096e 50040000 		.long	.LASF133
 1282 0972 11       		.byte	0x11
 1283 0973 2501     		.value	0x125
 1284 0975 19       		.byte	0x19
 1285 0976 B3080000 		.long	0x8b3
 1286 097a 14       		.byte	0x14
 1287 097b 0B       		.uleb128 0xb
 1288 097c 48020000 		.long	.LASF134
 1289 0980 11       		.byte	0x11
 1290 0981 2A01     		.value	0x12a
 1291 0983 19       		.byte	0x19
 1292 0984 37090000 		.long	0x937
 1293 0988 24       		.byte	0x24
 1294 0989 0B       		.uleb128 0xb
 1295 098a 6D000000 		.long	.LASF135
 1296 098e 11       		.byte	0x11
 1297 098f 3001     		.value	0x130
 1298 0991 19       		.byte	0x19
 1299 0992 37090000 		.long	0x937
 1300 0996 28       		.byte	0x28
 1301 0997 0B       		.uleb128 0xb
 1302 0998 8A030000 		.long	.LASF136
 1303 099c 11       		.byte	0x11
 1304 099d 3401     		.value	0x134
 1305 099f 19       		.byte	0x19
 1306 09a0 B3080000 		.long	0x8b3
 1307 09a4 2C       		.byte	0x2c
 1308 09a5 0B       		.uleb128 0xb
 1309 09a6 A6010000 		.long	.LASF137
 1310 09aa 11       		.byte	0x11
 1311 09ab 3A01     		.value	0x13a
GAS LISTING /tmp/cc7jUroK.s 			page 24


 1312 09ad 19       		.byte	0x19
 1313 09ae 37090000 		.long	0x937
 1314 09b2 3C       		.byte	0x3c
 1315 09b3 0B       		.uleb128 0xb
 1316 09b4 A9050000 		.long	.LASF138
 1317 09b8 11       		.byte	0x11
 1318 09b9 4001     		.value	0x140
 1319 09bb 19       		.byte	0x19
 1320 09bc 37090000 		.long	0x937
 1321 09c0 40       		.byte	0x40
 1322 09c1 00       		.byte	0
 1323 09c2 1E       		.uleb128 0x1e
 1324 09c3 6E060000 		.long	.LASF139
 1325 09c7 11       		.byte	0x11
 1326 09c8 4201     		.value	0x142
 1327 09ca 03       		.byte	0x3
 1328 09cb 43090000 		.long	0x943
 1329 09cf 15       		.uleb128 0x15
 1330 09d0 45040000 		.long	.LASF140
 1331 09d4 11       		.byte	0x11
 1332 09d5 4D01     		.value	0x14d
 1333 09d7 1A       		.byte	0x1a
 1334 09d8 C2090000 		.long	0x9c2
 1335 09dc 00       		.byte	0
 1336              		.section	.debug_abbrev,"",@progbits
 1337              	.Ldebug_abbrev0:
 1338 0000 01       		.uleb128 0x1
 1339 0001 11       		.uleb128 0x11
 1340 0002 01       		.byte	0x1
 1341 0003 25       		.uleb128 0x25
 1342 0004 0E       		.uleb128 0xe
 1343 0005 13       		.uleb128 0x13
 1344 0006 0B       		.uleb128 0xb
 1345 0007 03       		.uleb128 0x3
 1346 0008 0E       		.uleb128 0xe
 1347 0009 1B       		.uleb128 0x1b
 1348 000a 0E       		.uleb128 0xe
 1349 000b 10       		.uleb128 0x10
 1350 000c 17       		.uleb128 0x17
 1351 000d 00       		.byte	0
 1352 000e 00       		.byte	0
 1353 000f 02       		.uleb128 0x2
 1354 0010 24       		.uleb128 0x24
 1355 0011 00       		.byte	0
 1356 0012 0B       		.uleb128 0xb
 1357 0013 0B       		.uleb128 0xb
 1358 0014 3E       		.uleb128 0x3e
 1359 0015 0B       		.uleb128 0xb
 1360 0016 03       		.uleb128 0x3
 1361 0017 08       		.uleb128 0x8
 1362 0018 00       		.byte	0
 1363 0019 00       		.byte	0
 1364 001a 03       		.uleb128 0x3
 1365 001b 16       		.uleb128 0x16
 1366 001c 00       		.byte	0
 1367 001d 03       		.uleb128 0x3
 1368 001e 0E       		.uleb128 0xe
GAS LISTING /tmp/cc7jUroK.s 			page 25


 1369 001f 3A       		.uleb128 0x3a
 1370 0020 0B       		.uleb128 0xb
 1371 0021 3B       		.uleb128 0x3b
 1372 0022 0B       		.uleb128 0xb
 1373 0023 39       		.uleb128 0x39
 1374 0024 0B       		.uleb128 0xb
 1375 0025 49       		.uleb128 0x49
 1376 0026 13       		.uleb128 0x13
 1377 0027 00       		.byte	0
 1378 0028 00       		.byte	0
 1379 0029 04       		.uleb128 0x4
 1380 002a 24       		.uleb128 0x24
 1381 002b 00       		.byte	0
 1382 002c 0B       		.uleb128 0xb
 1383 002d 0B       		.uleb128 0xb
 1384 002e 3E       		.uleb128 0x3e
 1385 002f 0B       		.uleb128 0xb
 1386 0030 03       		.uleb128 0x3
 1387 0031 0E       		.uleb128 0xe
 1388 0032 00       		.byte	0
 1389 0033 00       		.byte	0
 1390 0034 05       		.uleb128 0x5
 1391 0035 0F       		.uleb128 0xf
 1392 0036 00       		.byte	0
 1393 0037 0B       		.uleb128 0xb
 1394 0038 0B       		.uleb128 0xb
 1395 0039 00       		.byte	0
 1396 003a 00       		.byte	0
 1397 003b 06       		.uleb128 0x6
 1398 003c 26       		.uleb128 0x26
 1399 003d 00       		.byte	0
 1400 003e 49       		.uleb128 0x49
 1401 003f 13       		.uleb128 0x13
 1402 0040 00       		.byte	0
 1403 0041 00       		.byte	0
 1404 0042 07       		.uleb128 0x7
 1405 0043 13       		.uleb128 0x13
 1406 0044 01       		.byte	0x1
 1407 0045 03       		.uleb128 0x3
 1408 0046 0E       		.uleb128 0xe
 1409 0047 0B       		.uleb128 0xb
 1410 0048 0B       		.uleb128 0xb
 1411 0049 3A       		.uleb128 0x3a
 1412 004a 0B       		.uleb128 0xb
 1413 004b 3B       		.uleb128 0x3b
 1414 004c 0B       		.uleb128 0xb
 1415 004d 39       		.uleb128 0x39
 1416 004e 0B       		.uleb128 0xb
 1417 004f 01       		.uleb128 0x1
 1418 0050 13       		.uleb128 0x13
 1419 0051 00       		.byte	0
 1420 0052 00       		.byte	0
 1421 0053 08       		.uleb128 0x8
 1422 0054 0D       		.uleb128 0xd
 1423 0055 00       		.byte	0
 1424 0056 03       		.uleb128 0x3
 1425 0057 0E       		.uleb128 0xe
GAS LISTING /tmp/cc7jUroK.s 			page 26


 1426 0058 3A       		.uleb128 0x3a
 1427 0059 0B       		.uleb128 0xb
 1428 005a 3B       		.uleb128 0x3b
 1429 005b 0B       		.uleb128 0xb
 1430 005c 39       		.uleb128 0x39
 1431 005d 0B       		.uleb128 0xb
 1432 005e 49       		.uleb128 0x49
 1433 005f 13       		.uleb128 0x13
 1434 0060 38       		.uleb128 0x38
 1435 0061 0B       		.uleb128 0xb
 1436 0062 00       		.byte	0
 1437 0063 00       		.byte	0
 1438 0064 09       		.uleb128 0x9
 1439 0065 0D       		.uleb128 0xd
 1440 0066 00       		.byte	0
 1441 0067 03       		.uleb128 0x3
 1442 0068 08       		.uleb128 0x8
 1443 0069 3A       		.uleb128 0x3a
 1444 006a 0B       		.uleb128 0xb
 1445 006b 3B       		.uleb128 0x3b
 1446 006c 0B       		.uleb128 0xb
 1447 006d 39       		.uleb128 0x39
 1448 006e 0B       		.uleb128 0xb
 1449 006f 49       		.uleb128 0x49
 1450 0070 13       		.uleb128 0x13
 1451 0071 38       		.uleb128 0x38
 1452 0072 0B       		.uleb128 0xb
 1453 0073 00       		.byte	0
 1454 0074 00       		.byte	0
 1455 0075 0A       		.uleb128 0xa
 1456 0076 0D       		.uleb128 0xd
 1457 0077 00       		.byte	0
 1458 0078 03       		.uleb128 0x3
 1459 0079 08       		.uleb128 0x8
 1460 007a 3A       		.uleb128 0x3a
 1461 007b 0B       		.uleb128 0xb
 1462 007c 3B       		.uleb128 0x3b
 1463 007d 05       		.uleb128 0x5
 1464 007e 39       		.uleb128 0x39
 1465 007f 0B       		.uleb128 0xb
 1466 0080 49       		.uleb128 0x49
 1467 0081 13       		.uleb128 0x13
 1468 0082 38       		.uleb128 0x38
 1469 0083 0B       		.uleb128 0xb
 1470 0084 00       		.byte	0
 1471 0085 00       		.byte	0
 1472 0086 0B       		.uleb128 0xb
 1473 0087 0D       		.uleb128 0xd
 1474 0088 00       		.byte	0
 1475 0089 03       		.uleb128 0x3
 1476 008a 0E       		.uleb128 0xe
 1477 008b 3A       		.uleb128 0x3a
 1478 008c 0B       		.uleb128 0xb
 1479 008d 3B       		.uleb128 0x3b
 1480 008e 05       		.uleb128 0x5
 1481 008f 39       		.uleb128 0x39
 1482 0090 0B       		.uleb128 0xb
GAS LISTING /tmp/cc7jUroK.s 			page 27


 1483 0091 49       		.uleb128 0x49
 1484 0092 13       		.uleb128 0x13
 1485 0093 38       		.uleb128 0x38
 1486 0094 0B       		.uleb128 0xb
 1487 0095 00       		.byte	0
 1488 0096 00       		.byte	0
 1489 0097 0C       		.uleb128 0xc
 1490 0098 0F       		.uleb128 0xf
 1491 0099 00       		.byte	0
 1492 009a 0B       		.uleb128 0xb
 1493 009b 0B       		.uleb128 0xb
 1494 009c 49       		.uleb128 0x49
 1495 009d 13       		.uleb128 0x13
 1496 009e 00       		.byte	0
 1497 009f 00       		.byte	0
 1498 00a0 0D       		.uleb128 0xd
 1499 00a1 13       		.uleb128 0x13
 1500 00a2 01       		.byte	0x1
 1501 00a3 03       		.uleb128 0x3
 1502 00a4 0E       		.uleb128 0xe
 1503 00a5 0B       		.uleb128 0xb
 1504 00a6 0B       		.uleb128 0xb
 1505 00a7 3A       		.uleb128 0x3a
 1506 00a8 0B       		.uleb128 0xb
 1507 00a9 3B       		.uleb128 0x3b
 1508 00aa 05       		.uleb128 0x5
 1509 00ab 39       		.uleb128 0x39
 1510 00ac 0B       		.uleb128 0xb
 1511 00ad 01       		.uleb128 0x1
 1512 00ae 13       		.uleb128 0x13
 1513 00af 00       		.byte	0
 1514 00b0 00       		.byte	0
 1515 00b1 0E       		.uleb128 0xe
 1516 00b2 15       		.uleb128 0x15
 1517 00b3 01       		.byte	0x1
 1518 00b4 27       		.uleb128 0x27
 1519 00b5 19       		.uleb128 0x19
 1520 00b6 01       		.uleb128 0x1
 1521 00b7 13       		.uleb128 0x13
 1522 00b8 00       		.byte	0
 1523 00b9 00       		.byte	0
 1524 00ba 0F       		.uleb128 0xf
 1525 00bb 05       		.uleb128 0x5
 1526 00bc 00       		.byte	0
 1527 00bd 49       		.uleb128 0x49
 1528 00be 13       		.uleb128 0x13
 1529 00bf 00       		.byte	0
 1530 00c0 00       		.byte	0
 1531 00c1 10       		.uleb128 0x10
 1532 00c2 35       		.uleb128 0x35
 1533 00c3 00       		.byte	0
 1534 00c4 49       		.uleb128 0x49
 1535 00c5 13       		.uleb128 0x13
 1536 00c6 00       		.byte	0
 1537 00c7 00       		.byte	0
 1538 00c8 11       		.uleb128 0x11
 1539 00c9 13       		.uleb128 0x13
GAS LISTING /tmp/cc7jUroK.s 			page 28


 1540 00ca 01       		.byte	0x1
 1541 00cb 0B       		.uleb128 0xb
 1542 00cc 0B       		.uleb128 0xb
 1543 00cd 3A       		.uleb128 0x3a
 1544 00ce 0B       		.uleb128 0xb
 1545 00cf 3B       		.uleb128 0x3b
 1546 00d0 0B       		.uleb128 0xb
 1547 00d1 39       		.uleb128 0x39
 1548 00d2 0B       		.uleb128 0xb
 1549 00d3 01       		.uleb128 0x1
 1550 00d4 13       		.uleb128 0x13
 1551 00d5 00       		.byte	0
 1552 00d6 00       		.byte	0
 1553 00d7 12       		.uleb128 0x12
 1554 00d8 01       		.uleb128 0x1
 1555 00d9 01       		.byte	0x1
 1556 00da 49       		.uleb128 0x49
 1557 00db 13       		.uleb128 0x13
 1558 00dc 01       		.uleb128 0x1
 1559 00dd 13       		.uleb128 0x13
 1560 00de 00       		.byte	0
 1561 00df 00       		.byte	0
 1562 00e0 13       		.uleb128 0x13
 1563 00e1 21       		.uleb128 0x21
 1564 00e2 00       		.byte	0
 1565 00e3 49       		.uleb128 0x49
 1566 00e4 13       		.uleb128 0x13
 1567 00e5 2F       		.uleb128 0x2f
 1568 00e6 0B       		.uleb128 0xb
 1569 00e7 00       		.byte	0
 1570 00e8 00       		.byte	0
 1571 00e9 14       		.uleb128 0x14
 1572 00ea 16       		.uleb128 0x16
 1573 00eb 00       		.byte	0
 1574 00ec 03       		.uleb128 0x3
 1575 00ed 0E       		.uleb128 0xe
 1576 00ee 3A       		.uleb128 0x3a
 1577 00ef 0B       		.uleb128 0xb
 1578 00f0 3B       		.uleb128 0x3b
 1579 00f1 0B       		.uleb128 0xb
 1580 00f2 39       		.uleb128 0x39
 1581 00f3 0B       		.uleb128 0xb
 1582 00f4 49       		.uleb128 0x49
 1583 00f5 13       		.uleb128 0x13
 1584 00f6 8801     		.uleb128 0x88
 1585 00f8 0B       		.uleb128 0xb
 1586 00f9 00       		.byte	0
 1587 00fa 00       		.byte	0
 1588 00fb 15       		.uleb128 0x15
 1589 00fc 34       		.uleb128 0x34
 1590 00fd 00       		.byte	0
 1591 00fe 03       		.uleb128 0x3
 1592 00ff 0E       		.uleb128 0xe
 1593 0100 3A       		.uleb128 0x3a
 1594 0101 0B       		.uleb128 0xb
 1595 0102 3B       		.uleb128 0x3b
 1596 0103 05       		.uleb128 0x5
GAS LISTING /tmp/cc7jUroK.s 			page 29


 1597 0104 39       		.uleb128 0x39
 1598 0105 0B       		.uleb128 0xb
 1599 0106 49       		.uleb128 0x49
 1600 0107 13       		.uleb128 0x13
 1601 0108 3F       		.uleb128 0x3f
 1602 0109 19       		.uleb128 0x19
 1603 010a 3C       		.uleb128 0x3c
 1604 010b 19       		.uleb128 0x19
 1605 010c 00       		.byte	0
 1606 010d 00       		.byte	0
 1607 010e 16       		.uleb128 0x16
 1608 010f 17       		.uleb128 0x17
 1609 0110 01       		.byte	0x1
 1610 0111 0B       		.uleb128 0xb
 1611 0112 0B       		.uleb128 0xb
 1612 0113 3A       		.uleb128 0x3a
 1613 0114 0B       		.uleb128 0xb
 1614 0115 3B       		.uleb128 0x3b
 1615 0116 0B       		.uleb128 0xb
 1616 0117 39       		.uleb128 0x39
 1617 0118 0B       		.uleb128 0xb
 1618 0119 01       		.uleb128 0x1
 1619 011a 13       		.uleb128 0x13
 1620 011b 00       		.byte	0
 1621 011c 00       		.byte	0
 1622 011d 17       		.uleb128 0x17
 1623 011e 0D       		.uleb128 0xd
 1624 011f 00       		.byte	0
 1625 0120 03       		.uleb128 0x3
 1626 0121 0E       		.uleb128 0xe
 1627 0122 3A       		.uleb128 0x3a
 1628 0123 0B       		.uleb128 0xb
 1629 0124 3B       		.uleb128 0x3b
 1630 0125 0B       		.uleb128 0xb
 1631 0126 39       		.uleb128 0x39
 1632 0127 0B       		.uleb128 0xb
 1633 0128 49       		.uleb128 0x49
 1634 0129 13       		.uleb128 0x13
 1635 012a 00       		.byte	0
 1636 012b 00       		.byte	0
 1637 012c 18       		.uleb128 0x18
 1638 012d 0D       		.uleb128 0xd
 1639 012e 00       		.byte	0
 1640 012f 03       		.uleb128 0x3
 1641 0130 0E       		.uleb128 0xe
 1642 0131 3A       		.uleb128 0x3a
 1643 0132 0B       		.uleb128 0xb
 1644 0133 3B       		.uleb128 0x3b
 1645 0134 05       		.uleb128 0x5
 1646 0135 39       		.uleb128 0x39
 1647 0136 0B       		.uleb128 0xb
 1648 0137 49       		.uleb128 0x49
 1649 0138 13       		.uleb128 0x13
 1650 0139 00       		.byte	0
 1651 013a 00       		.byte	0
 1652 013b 19       		.uleb128 0x19
 1653 013c 34       		.uleb128 0x34
GAS LISTING /tmp/cc7jUroK.s 			page 30


 1654 013d 00       		.byte	0
 1655 013e 03       		.uleb128 0x3
 1656 013f 08       		.uleb128 0x8
 1657 0140 3A       		.uleb128 0x3a
 1658 0141 0B       		.uleb128 0xb
 1659 0142 3B       		.uleb128 0x3b
 1660 0143 05       		.uleb128 0x5
 1661 0144 39       		.uleb128 0x39
 1662 0145 0B       		.uleb128 0xb
 1663 0146 49       		.uleb128 0x49
 1664 0147 13       		.uleb128 0x13
 1665 0148 3F       		.uleb128 0x3f
 1666 0149 19       		.uleb128 0x19
 1667 014a 3C       		.uleb128 0x3c
 1668 014b 19       		.uleb128 0x19
 1669 014c 00       		.byte	0
 1670 014d 00       		.byte	0
 1671 014e 1A       		.uleb128 0x1a
 1672 014f 01       		.uleb128 0x1
 1673 0150 01       		.byte	0x1
 1674 0151 49       		.uleb128 0x49
 1675 0152 13       		.uleb128 0x13
 1676 0153 8801     		.uleb128 0x88
 1677 0155 0B       		.uleb128 0xb
 1678 0156 01       		.uleb128 0x1
 1679 0157 13       		.uleb128 0x13
 1680 0158 00       		.byte	0
 1681 0159 00       		.byte	0
 1682 015a 1B       		.uleb128 0x1b
 1683 015b 21       		.uleb128 0x21
 1684 015c 00       		.byte	0
 1685 015d 00       		.byte	0
 1686 015e 00       		.byte	0
 1687 015f 1C       		.uleb128 0x1c
 1688 0160 34       		.uleb128 0x34
 1689 0161 00       		.byte	0
 1690 0162 03       		.uleb128 0x3
 1691 0163 0E       		.uleb128 0xe
 1692 0164 3A       		.uleb128 0x3a
 1693 0165 0B       		.uleb128 0xb
 1694 0166 3B       		.uleb128 0x3b
 1695 0167 0B       		.uleb128 0xb
 1696 0168 39       		.uleb128 0x39
 1697 0169 0B       		.uleb128 0xb
 1698 016a 49       		.uleb128 0x49
 1699 016b 13       		.uleb128 0x13
 1700 016c 3F       		.uleb128 0x3f
 1701 016d 19       		.uleb128 0x19
 1702 016e 3C       		.uleb128 0x3c
 1703 016f 19       		.uleb128 0x19
 1704 0170 00       		.byte	0
 1705 0171 00       		.byte	0
 1706 0172 1D       		.uleb128 0x1d
 1707 0173 15       		.uleb128 0x15
 1708 0174 01       		.byte	0x1
 1709 0175 27       		.uleb128 0x27
 1710 0176 19       		.uleb128 0x19
GAS LISTING /tmp/cc7jUroK.s 			page 31


 1711 0177 49       		.uleb128 0x49
 1712 0178 13       		.uleb128 0x13
 1713 0179 01       		.uleb128 0x1
 1714 017a 13       		.uleb128 0x13
 1715 017b 00       		.byte	0
 1716 017c 00       		.byte	0
 1717 017d 1E       		.uleb128 0x1e
 1718 017e 16       		.uleb128 0x16
 1719 017f 00       		.byte	0
 1720 0180 03       		.uleb128 0x3
 1721 0181 0E       		.uleb128 0xe
 1722 0182 3A       		.uleb128 0x3a
 1723 0183 0B       		.uleb128 0xb
 1724 0184 3B       		.uleb128 0x3b
 1725 0185 05       		.uleb128 0x5
 1726 0186 39       		.uleb128 0x39
 1727 0187 0B       		.uleb128 0xb
 1728 0188 49       		.uleb128 0x49
 1729 0189 13       		.uleb128 0x13
 1730 018a 00       		.byte	0
 1731 018b 00       		.byte	0
 1732 018c 00       		.byte	0
 1733              		.section	.debug_aranges,"",@progbits
 1734 0000 14000000 		.long	0x14
 1735 0004 0200     		.value	0x2
 1736 0006 00000000 		.long	.Ldebug_info0
 1737 000a 04       		.byte	0x4
 1738 000b 00       		.byte	0
 1739 000c 0000     		.value	0
 1740 000e 0000     		.value	0
 1741 0010 00000000 		.long	0
 1742 0014 00000000 		.long	0
 1743              		.section	.debug_line,"",@progbits
 1744              	.Ldebug_line0:
 1745 0000 CE010000 		.section	.debug_str,"MS",@progbits,1
 1745      0300C801 
 1745      00000101 
 1745      FB0E0D00 
 1745      01010101 
 1746              	.LASF111:
 1747 0000 6F66665F 		.string	"off_refs"
 1747      72656673 
 1747      00
 1748              	.LASF108:
 1749 0009 6F66665F 		.string	"off_stklimit"
 1749      73746B6C 
 1749      696D6974 
 1749      00
 1750              	.LASF55:
 1751 0016 72656164 		.string	"ready_list_t"
 1751      795F6C69 
 1751      73745F74 
 1751      00
 1752              	.LASF9:
 1753 0023 73697A65 		.string	"size_t"
 1753      5F7400
 1754              	.LASF84:
GAS LISTING /tmp/cc7jUroK.s 			page 32


 1755 002a 7264796D 		.string	"rdymsg"
 1755      736700
 1756              	.LASF42:
 1757 0031 6D736771 		.string	"msgqueue"
 1757      75657565 
 1757      00
 1758              	.LASF10:
 1759 003a 5F5F7569 		.string	"__uint8_t"
 1759      6E74385F 
 1759      7400
 1760              	.LASF54:
 1761 0044 70726576 		.string	"prev"
 1761      00
 1762              	.LASF77:
 1763 0049 706F7274 		.string	"port_intctx"
 1763      5F696E74 
 1763      63747800 
 1764              	.LASF66:
 1765 0055 73797374 		.string	"system_debug_t"
 1765      656D5F64 
 1765      65627567 
 1765      5F7400
 1766              	.LASF125:
 1767 0064 70726F76 		.string	"provider"
 1767      69646572 
 1767      00
 1768              	.LASF135:
 1769 006d 73656D5F 		.string	"sem_list"
 1769      6C697374 
 1769      00
 1770              	.LASF117:
 1771 0076 6D656D67 		.string	"memgetfunc_t"
 1771      65746675 
 1771      6E635F74 
 1771      00
 1772              	.LASF15:
 1773 0083 6C6F6E67 		.string	"long long unsigned int"
 1773      206C6F6E 
 1773      6720756E 
 1773      7369676E 
 1773      65642069 
 1774              	.LASF85:
 1775 009a 65786974 		.string	"exitcode"
 1775      636F6465 
 1775      00
 1776              	.LASF73:
 1777 00a3 6D61696E 		.string	"mainthread"
 1777      74687265 
 1777      616400
 1778              	.LASF88:
 1779 00ae 73656E74 		.string	"sentmsg"
 1779      6D736700 
 1780              	.LASF61:
 1781 00b6 64656C74 		.string	"delta"
 1781      6100
 1782              	.LASF128:
 1783 00bc 64796E5F 		.string	"dyn_element_t"
GAS LISTING /tmp/cc7jUroK.s 			page 33


 1783      656C656D 
 1783      656E745F 
 1783      7400
 1784              	.LASF51:
 1785 00ca 6E657874 		.string	"next"
 1785      00
 1786              	.LASF53:
 1787 00cf 63685F74 		.string	"ch_threads_queue"
 1787      68726561 
 1787      64735F71 
 1787      75657565 
 1787      00
 1788              	.LASF2:
 1789 00e0 6C6F6E67 		.string	"long long int"
 1789      206C6F6E 
 1789      6720696E 
 1789      7400
 1790              	.LASF8:
 1791 00ee 7369676E 		.string	"signed char"
 1791      65642063 
 1791      68617200 
 1792              	.LASF4:
 1793 00fa 5F466C6F 		.string	"_Float128"
 1793      61743132 
 1793      3800
 1794              	.LASF72:
 1795 0104 76746C69 		.string	"vtlist"
 1795      737400
 1796              	.LASF38:
 1797 010b 73746174 		.string	"state"
 1797      6500
 1798              	.LASF1:
 1799 0111 6C6F6E67 		.string	"long int"
 1799      20696E74 
 1799      00
 1800              	.LASF24:
 1801 011a 74737461 		.string	"tstate_t"
 1801      74655F74 
 1801      00
 1802              	.LASF62:
 1803 0123 66756E63 		.string	"func"
 1803      00
 1804              	.LASF96:
 1805 0128 6964656E 		.string	"identifier"
 1805      74696669 
 1805      657200
 1806              	.LASF143:
 1807 0133 2F686F6D 		.string	"/home/phil/Documents/ChibiOS_18.2.1/demos/various/RT-Posix-SimulatorAtom"
 1807      652F7068 
 1807      696C2F44 
 1807      6F63756D 
 1807      656E7473 
 1808              	.LASF114:
 1809 017c 63686465 		.string	"chdebug_t"
 1809      6275675F 
 1809      7400
 1810              	.LASF112:
GAS LISTING /tmp/cc7jUroK.s 			page 34


 1811 0186 6F66665F 		.string	"off_preempt"
 1811      70726565 
 1811      6D707400 
 1812              	.LASF22:
 1813 0192 73797373 		.string	"syssts_t"
 1813      74735F74 
 1813      00
 1814              	.LASF14:
 1815 019b 5F5F7569 		.string	"__uint32_t"
 1815      6E743332 
 1815      5F7400
 1816              	.LASF137:
 1817 01a6 6D62785F 		.string	"mbx_list"
 1817      6C697374 
 1817      00
 1818              	.LASF41:
 1819 01af 77616974 		.string	"waiting"
 1819      696E6700 
 1820              	.LASF97:
 1821 01b7 7A65726F 		.string	"zero"
 1821      00
 1822              	.LASF116:
 1823 01bc 6D757465 		.string	"mutex_t"
 1823      785F7400 
 1824              	.LASF124:
 1825 01c4 616C6967 		.string	"align"
 1825      6E00
 1826              	.LASF75:
 1827 01ca 73797369 		.string	"sysinterval_t"
 1827      6E746572 
 1827      76616C5F 
 1827      7400
 1828              	.LASF29:
 1829 01d8 636E745F 		.string	"cnt_t"
 1829      7400
 1830              	.LASF0:
 1831 01de 756E7369 		.string	"unsigned int"
 1831      676E6564 
 1831      20696E74 
 1831      00
 1832              	.LASF19:
 1833 01eb 75696E74 		.string	"uint16_t"
 1833      31365F74 
 1833      00
 1834              	.LASF89:
 1835 01f4 77747365 		.string	"wtsemp"
 1835      6D7000
 1836              	.LASF7:
 1837 01fb 6C6F6E67 		.string	"long unsigned int"
 1837      20756E73 
 1837      69676E65 
 1837      6420696E 
 1837      7400
 1838              	.LASF115:
 1839 020d 63685F64 		.string	"ch_debug"
 1839      65627567 
 1839      00
GAS LISTING /tmp/cc7jUroK.s 			page 35


 1840              	.LASF126:
 1841 0216 6D656D6F 		.string	"memory_pool_t"
 1841      72795F70 
 1841      6F6F6C5F 
 1841      7400
 1842              	.LASF36:
 1843 0224 6E616D65 		.string	"name"
 1843      00
 1844              	.LASF32:
 1845 0229 71756575 		.string	"queue"
 1845      6500
 1846              	.LASF46:
 1847 022f 6D706F6F 		.string	"mpool"
 1847      6C00
 1848              	.LASF6:
 1849 0235 73686F72 		.string	"short unsigned int"
 1849      7420756E 
 1849      7369676E 
 1849      65642069 
 1849      6E7400
 1850              	.LASF134:
 1851 0248 6275665F 		.string	"buf_list"
 1851      6C697374 
 1851      00
 1852              	.LASF49:
 1853 0251 63685F74 		.string	"ch_thread"
 1853      68726561 
 1853      6400
 1854              	.LASF27:
 1855 025b 6D73675F 		.string	"msg_t"
 1855      7400
 1856              	.LASF30:
 1857 0261 75636E74 		.string	"ucnt_t"
 1857      5F7400
 1858              	.LASF43:
 1859 0268 6570656E 		.string	"epending"
 1859      64696E67 
 1859      00
 1860              	.LASF130:
 1861 0271 64796E5F 		.string	"dyn_list_t"
 1861      6C697374 
 1861      5F7400
 1862              	.LASF69:
 1863 027c 63685F73 		.string	"ch_system_t"
 1863      79737465 
 1863      6D5F7400 
 1864              	.LASF104:
 1865 0288 6F66665F 		.string	"off_ctx"
 1865      63747800 
 1866              	.LASF23:
 1867 0290 746D6F64 		.string	"tmode_t"
 1867      655F7400 
 1868              	.LASF65:
 1869 0298 73797374 		.string	"systime"
 1869      696D6500 
 1870              	.LASF56:
 1871 02a0 63685F72 		.string	"ch_ready_list"
GAS LISTING /tmp/cc7jUroK.s 			page 36


 1871      65616479 
 1871      5F6C6973 
 1871      7400
 1872              	.LASF28:
 1873 02ae 6576656E 		.string	"eventmask_t"
 1873      746D6173 
 1873      6B5F7400 
 1874              	.LASF107:
 1875 02ba 6F66665F 		.string	"off_name"
 1875      6E616D65 
 1875      00
 1876              	.LASF119:
 1877 02c3 656E646D 		.string	"endmem"
 1877      656D00
 1878              	.LASF63:
 1879 02ca 76697274 		.string	"virtual_timers_list_t"
 1879      75616C5F 
 1879      74696D65 
 1879      72735F6C 
 1879      6973745F 
 1880              	.LASF144:
 1881 02e0 73746B61 		.string	"stkalign_t"
 1881      6C69676E 
 1881      5F7400
 1882              	.LASF34:
 1883 02eb 6E657765 		.string	"newer"
 1883      7200
 1884              	.LASF142:
 1885 02f1 2E2E2F2E 		.string	"../../../os/rt/src/chtrace.c"
 1885      2E2F2E2E 
 1885      2F6F732F 
 1885      72742F73 
 1885      72632F63 
 1886              	.LASF45:
 1887 030e 7265616C 		.string	"realprio"
 1887      7072696F 
 1887      00
 1888              	.LASF99:
 1889 0317 76657273 		.string	"version"
 1889      696F6E00 
 1890              	.LASF21:
 1891 031f 7274636E 		.string	"rtcnt_t"
 1891      745F7400 
 1892              	.LASF47:
 1893 0327 74687265 		.string	"thread_reference_t"
 1893      61645F72 
 1893      65666572 
 1893      656E6365 
 1893      5F7400
 1894              	.LASF64:
 1895 033a 63685F76 		.string	"ch_virtual_timers_list"
 1895      69727475 
 1895      616C5F74 
 1895      696D6572 
 1895      735F6C69 
 1896              	.LASF3:
 1897 0351 6C6F6E67 		.string	"long double"
GAS LISTING /tmp/cc7jUroK.s 			page 37


 1897      20646F75 
 1897      626C6500 
 1898              	.LASF105:
 1899 035d 6F66665F 		.string	"off_newer"
 1899      6E657765 
 1899      7200
 1900              	.LASF78:
 1901 0367 706F7274 		.string	"port_context"
 1901      5F636F6E 
 1901      74657874 
 1901      00
 1902              	.LASF83:
 1903 0374 746D5F63 		.string	"tm_calibration_t"
 1903      616C6962 
 1903      72617469 
 1903      6F6E5F74 
 1903      00
 1904              	.LASF33:
 1905 0385 7072696F 		.string	"prio"
 1905      00
 1906              	.LASF136:
 1907 038a 73656D5F 		.string	"sem_pool"
 1907      706F6F6C 
 1907      00
 1908              	.LASF57:
 1909 0393 63757272 		.string	"current"
 1909      656E7400 
 1910              	.LASF120:
 1911 039b 6D656D63 		.string	"memcore_t"
 1911      6F72655F 
 1911      7400
 1912              	.LASF25:
 1913 03a5 74726566 		.string	"trefs_t"
 1913      735F7400 
 1914              	.LASF102:
 1915 03ad 74687265 		.string	"threadsize"
 1915      61647369 
 1915      7A6500
 1916              	.LASF40:
 1917 03b8 72656673 		.string	"refs"
 1917      00
 1918              	.LASF59:
 1919 03bd 76697274 		.string	"virtual_timer_t"
 1919      75616C5F 
 1919      74696D65 
 1919      725F7400 
 1920              	.LASF127:
 1921 03cd 63685F64 		.string	"ch_dyn_element"
 1921      796E5F65 
 1921      6C656D65 
 1921      6E7400
 1922              	.LASF26:
 1923 03dc 74707269 		.string	"tprio_t"
 1923      6F5F7400 
 1924              	.LASF67:
 1925 03e4 63685F73 		.string	"ch_system_debug"
 1925      79737465 
GAS LISTING /tmp/cc7jUroK.s 			page 38


 1925      6D5F6465 
 1925      62756700 
 1926              	.LASF79:
 1927 03f4 5F426F6F 		.string	"_Bool"
 1927      6C00
 1928              	.LASF17:
 1929 03fa 696E7433 		.string	"int32_t"
 1929      325F7400 
 1930              	.LASF5:
 1931 0402 756E7369 		.string	"unsigned char"
 1931      676E6564 
 1931      20636861 
 1931      7200
 1932              	.LASF103:
 1933 0410 6F66665F 		.string	"off_prio"
 1933      7072696F 
 1933      00
 1934              	.LASF121:
 1935 0419 63685F6D 		.string	"ch_memcore"
 1935      656D636F 
 1935      726500
 1936              	.LASF11:
 1937 0424 73686F72 		.string	"short int"
 1937      7420696E 
 1937      7400
 1938              	.LASF87:
 1939 042e 77747472 		.string	"wttrp"
 1939      7000
 1940              	.LASF91:
 1941 0434 65776D61 		.string	"ewmask"
 1941      736B00
 1942              	.LASF70:
 1943 043b 63685F73 		.string	"ch_system"
 1943      79737465 
 1943      6D00
 1944              	.LASF140:
 1945 0445 63685F66 		.string	"ch_factory"
 1945      6163746F 
 1945      727900
 1946              	.LASF133:
 1947 0450 6F626A5F 		.string	"obj_pool"
 1947      706F6F6C 
 1947      00
 1948              	.LASF60:
 1949 0459 63685F76 		.string	"ch_virtual_timer"
 1949      69727475 
 1949      616C5F74 
 1949      696D6572 
 1949      00
 1950              	.LASF92:
 1951 046a 63685F73 		.string	"ch_semaphore"
 1951      656D6170 
 1951      686F7265 
 1951      00
 1952              	.LASF113:
 1953 0477 6F66665F 		.string	"off_time"
 1953      74696D65 
GAS LISTING /tmp/cc7jUroK.s 			page 39


 1953      00
 1954              	.LASF95:
 1955 0480 63685F69 		.string	"ch_idle_thread_wa"
 1955      646C655F 
 1955      74687265 
 1955      61645F77 
 1955      6100
 1956              	.LASF101:
 1957 0492 74696D65 		.string	"timesize"
 1957      73697A65 
 1957      00
 1958              	.LASF20:
 1959 049b 75696E74 		.string	"uint32_t"
 1959      33325F74 
 1959      00
 1960              	.LASF90:
 1961 04a4 77746D74 		.string	"wtmtxp"
 1961      787000
 1962              	.LASF50:
 1963 04ab 63685F74 		.string	"ch_threads_list"
 1963      68726561 
 1963      64735F6C 
 1963      69737400 
 1964              	.LASF94:
 1965 04bb 6F776E65 		.string	"owner"
 1965      7200
 1966              	.LASF81:
 1967 04c1 706F7274 		.string	"port_irq_sts"
 1967      5F697271 
 1967      5F737473 
 1967      00
 1968              	.LASF37:
 1969 04ce 77616261 		.string	"wabase"
 1969      736500
 1970              	.LASF16:
 1971 04d5 63686172 		.string	"char"
 1971      00
 1972              	.LASF35:
 1973 04da 6F6C6465 		.string	"older"
 1973      7200
 1974              	.LASF132:
 1975 04e0 6F626A5F 		.string	"obj_list"
 1975      6C697374 
 1975      00
 1976              	.LASF12:
 1977 04e9 5F5F7569 		.string	"__uint16_t"
 1977      6E743136 
 1977      5F7400
 1978              	.LASF80:
 1979 04f4 706F7274 		.string	"port_isr_context_flag"
 1979      5F697372 
 1979      5F636F6E 
 1979      74657874 
 1979      5F666C61 
 1980              	.LASF31:
 1981 050a 74687265 		.string	"thread_t"
 1981      61645F74 
GAS LISTING /tmp/cc7jUroK.s 			page 40


 1981      00
 1982              	.LASF74:
 1983 0513 73797374 		.string	"systime_t"
 1983      696D655F 
 1983      7400
 1984              	.LASF76:
 1985 051d 72656778 		.string	"regx86"
 1985      383600
 1986              	.LASF13:
 1987 0524 5F5F696E 		.string	"__int32_t"
 1987      7433325F 
 1987      7400
 1988              	.LASF68:
 1989 052e 70616E69 		.string	"panic_msg"
 1989      635F6D73 
 1989      6700
 1990              	.LASF82:
 1991 0538 6F666673 		.string	"offset"
 1991      657400
 1992              	.LASF106:
 1993 053f 6F66665F 		.string	"off_older"
 1993      6F6C6465 
 1993      7200
 1994              	.LASF129:
 1995 0549 63685F64 		.string	"ch_dyn_list"
 1995      796E5F6C 
 1995      69737400 
 1996              	.LASF123:
 1997 0555 6F626A65 		.string	"object_size"
 1997      63745F73 
 1997      697A6500 
 1998              	.LASF100:
 1999 0561 70747273 		.string	"ptrsize"
 1999      697A6500 
 2000              	.LASF131:
 2001 0569 63685F6F 		.string	"ch_objects_factory"
 2001      626A6563 
 2001      74735F66 
 2001      6163746F 
 2001      727900
 2002              	.LASF52:
 2003 057c 74687265 		.string	"threads_queue_t"
 2003      6164735F 
 2003      71756575 
 2003      655F7400 
 2004              	.LASF93:
 2005 058c 63685F6D 		.string	"ch_mutex"
 2005      75746578 
 2005      00
 2006              	.LASF71:
 2007 0595 726C6973 		.string	"rlist"
 2007      7400
 2008              	.LASF18:
 2009 059b 75696E74 		.string	"uint8_t"
 2009      385F7400 
 2010              	.LASF39:
 2011 05a3 666C6167 		.string	"flags"
GAS LISTING /tmp/cc7jUroK.s 			page 41


 2011      7300
 2012              	.LASF138:
 2013 05a9 6669666F 		.string	"fifo_list"
 2013      5F6C6973 
 2013      7400
 2014              	.LASF86:
 2015 05b3 77746F62 		.string	"wtobjp"
 2015      6A7000
 2016              	.LASF122:
 2017 05ba 706F6F6C 		.string	"pool_header"
 2017      5F686561 
 2017      64657200 
 2018              	.LASF98:
 2019 05c6 73697A65 		.string	"size"
 2019      00
 2020              	.LASF141:
 2021 05cb 474E5520 		.string	"GNU C17 8.3.0 -m32 -mtune=generic -march=i686 -ggdb -O2 -ffunction-sections -fdata-sectio
 2021      43313720 
 2021      382E332E 
 2021      30202D6D 
 2021      3332202D 
 2022              	.LASF48:
 2023 064c 74687265 		.string	"threads_list_t"
 2023      6164735F 
 2023      6C697374 
 2023      5F7400
 2024              	.LASF58:
 2025 065b 76746675 		.string	"vtfunc_t"
 2025      6E635F74 
 2025      00
 2026              	.LASF109:
 2027 0664 6F66665F 		.string	"off_state"
 2027      73746174 
 2027      6500
 2028              	.LASF139:
 2029 066e 6F626A65 		.string	"objects_factory_t"
 2029      6374735F 
 2029      66616374 
 2029      6F72795F 
 2029      7400
 2030              	.LASF110:
 2031 0680 6F66665F 		.string	"off_flags"
 2031      666C6167 
 2031      7300
 2032              	.LASF44:
 2033 068a 6D74786C 		.string	"mtxlist"
 2033      69737400 
 2034              	.LASF118:
 2035 0692 6E657874 		.string	"nextmem"
 2035      6D656D00 
 2036              		.ident	"GCC: (Ubuntu 8.3.0-6ubuntu1) 8.3.0"
 2037              		.section	.note.GNU-stack,"",@progbits
GAS LISTING /tmp/cc7jUroK.s 			page 42


DEFINED SYMBOLS
                            *ABS*:0000000000000000 chtrace.c

NO UNDEFINED SYMBOLS
